 ***************************************************************************
 ALAMO version 2018.6.20. Built: LNX-64 Wed Jun 20 04:36:16 EDT 2018
 
The options and data used in solving this problem are as follows:
 
NINPUTS           =             16
NOUTPUTS          =              1
NTRANS            =              0
NCVF              =              4
NPENL             =            100
NDATA             =            189
NPREDATA          =              0
NSAMPLE           =              0
NVALDATA          =              0
NVALSAMPLE        =              0
NVALSETS          =              0
PRFREQ            =              1
INITIALPOINTS     =            189
SAMPLER           =              1
MODELER           =              5
INITIALIZER       =              1
BUILDER           =              1
ENUM1             =             -1
ENUMALL           =              0
GREEDYBUILDER     =               T
NDGELS            =            120
REGULARIZER       =              0
TOLMAXERROR       = 0.500000007451E-001 
MAXSIM            =             10
MINPOINTS         =             16
MAXPOINTS         =             22
OBJFUN            =              1
SNOBFITP          = 0.5 
SNOBFITRESOLUTION = 0.100000000000E-004 
MAXTIME           = 1000 
DATALIMITTERMS    =               T
NUMLIMITBASIS     =               T
CONVPEN           = 0 
MONO              =              0
MULTI2            =              0
MULTI3            =              0
RATIOS            =              0
EXPFCNS           =               F
LINFCNS           =               T
LOGFCNS           =               F
SINFCNS           =               F
COSFCNS           =               F
CONSTANT          =               T
GRBFCNS           =               F
PRBF              =               F
LK                =               F
NCUSTOMBAS        =              0
OTHERBASIS        =              0
USEGPU            =               F
XSCALING          =               F
SCALEZ            =               F
MAXITER           =              1
TOLESTERROR       = 0.999999977648E-002 
TOLSSE            = 0 
FUNFORM           =              5
RBFPARAM          = 1 
PRESET            = -111111 
LINEARERROR       =               F
SOLVEMIP          =               F
DELTATERM         =               T
SHORTCUT          =               T
DIVE              =               T
FIRSTFEAS         =               F
MIPOPTCA          = 0.500000007451E-001 
MIPOPTCR          = 0.999999974738E-004 
CRTOL             = 0.100000000000E-002 
CRNINITIAL        =              0
CRMAXITER         =             10
CRNVIOL           =              5
CRNTRIALS         =            100
CRNCUSTOM         =              0
NGROUPS           =             16
SIMULATOR         =      mysim
SIMIN             =      input.txt
SIMOUT            =      output.txt
GAMS              =      gams
GAMSSOLVER        =      baron
GAMSNLPSOLVER     =      baron
SNOBFITTEST       =      test.mat
SNOBFITPATH       =      /usr/local/ALAMO/snobfit/
MINQPATH          =      /usr/local/ALAMO/minq5/
SCRATCH           =      almscr
===========================================================================

XLABELS           XMIN                  XMAX 
age1      -.127155745291        0.299536987619     
age2      -.572192584186E-001   0.659983137088     
age3      -.208005449794        0.618197133681     
lwt1      -.118809430662        0.286644314126     
lwt2      -.699772262746E-001   0.427098271755     
lwt3      -.256162883551        0.415747176167     
white      0.00000000000         1.00000000000     
black      0.00000000000         1.00000000000     
smoke      0.00000000000         1.00000000000     
ptl1       0.00000000000         1.00000000000     
ptl2m      0.00000000000         1.00000000000     
ht         0.00000000000         1.00000000000     
ui         0.00000000000         1.00000000000     
ftv1       0.00000000000         1.00000000000     
ftv2       0.00000000000         1.00000000000     
ftv3m      0.00000000000         1.00000000000     
ZLABELS   TOLMEANERROR          TOLRELMETRIC          TOLABSMETRIC            MAXTERMS                 ZISINT
Z1         0.00000000000        0.100000000000E-005   0.100000000000E-005           17    F

XDATA and ZDATA
  -.583343367574E-001 0.110462997599E-001 0.295618176563E-001 0.124462816211 -.213387110515E-001 -.130731102126 0 1 0 0 0 0 1 0 0 0 0.925448669659 
  0.134365607138 0.552455294269E-001 -.969070455360E-001 0.600672214501E-001 -.692283139510E-001 -.333484133910E-001 0 0 0 0 0 0 0 0 0 1 0.93648543916 
  -.445700550506E-001 -.941546880927E-002 0.450887738020E-001 -.591838799582E-001 0.374634908137E-001 0.461817812961E-002 1 0 1 0 0 0 0 1 0 0 0.938834696309 
  -.308057733438E-001 -.262435671627E-001 0.524896404288E-001 -.520288138737E-001 0.239066443731E-001 0.190345789588E-001 1 0 1 0 0 0 1 0 1 0 0.953201085894 
  -.720986184642E-001 0.351417385449E-001 0.482188216506E-002 -.544138359018E-001 0.283240990284E-001 0.145715383066E-001 1 0 1 0 0 0 1 0 0 0 0.955511445027 
  -.308057733438E-001 -.262435671627E-001 0.524896404288E-001 -.138684614230E-001 -.329694245935E-001 0.495594719686E-001 0 0 0 0 0 0 0 0 0 0 0.963937385342 
  -.170414916370E-001 -.394379953003E-001 0.528513073638E-001 -.281785935920E-001 -.146857234777E-001 0.464049318838E-001 1 0 0 0 0 0 0 1 0 0 0.969641907371 
  -.858629001710E-001 0.628708475456E-001 -.302179224987E-001 -.639539240145E-001 0.470088592319E-001 -.674889818720E-002 0 0 0 0 0 0 0 1 0 0 0.969641907371 
  0.793084803106E-001 -.300562262220E-001 -.504158700090E-001 -.162534834512E-001 -.301758764697E-001 0.496422192734E-001 1 0 1 0 0 0 0 1 0 0 0.979453306832 
  0.380156351902E-001 -.558790056931E-001 0.564377472158E-002 -.401037037329E-001 0.334178346994E-002 0.364774537140E-001 1 0 1 0 0 0 0 0 0 0 0.980204057618 
  -.583343367574E-001 0.110462997599E-001 0.295618176563E-001 -.830341002398E-001 0.892500992334E-001 -.674106282836E-001 0 0 0 0 0 0 0 0 0 0 1.00136690423 
  -.583343367574E-001 0.110462997599E-001 0.295618176563E-001 0.481421113093E-001 -.699772262746E-001 -.133093532575E-001 0 0 0 0 0 0 0 1 0 0 1.00539990695 
  -.170414916370E-001 -.394379953003E-001 0.528513073638E-001 -.830341002398E-001 0.892500992334E-001 -.674106282836E-001 0 0 0 0 0 1 0 0 0 0 1.01196448194 
  0.930727620174E-001 -.141812926335E-001 -.672397668423E-001 -.544138359018E-001 0.283240990284E-001 0.145715383066E-001 0 0 0 1 0 0 1 0 1 0 1.01160091168 
  -.720986184642E-001 0.351417385449E-001 0.482188216506E-002 -.711089900990E-001 0.620881180458E-001 -.265657592374E-001 1 0 1 0 0 0 0 0 0 0 1.01848624419 
  -.720986184642E-001 0.351417385449E-001 0.482188216506E-002 -.711089900990E-001 0.620881180458E-001 -.265657592374E-001 1 0 1 0 0 0 0 0 0 0 1.01848624419 
  -.113391463585 0.129230076194 -.135544698651 -.758790341553E-001 0.726484280462E-001 -.416981835292E-001 0 1 0 0 0 0 0 0 0 0 1.02173124433 
  0.242513534834E-001 -.572192584186E-001 0.225700082857E-001 -.281785935920E-001 -.146857234777E-001 0.464049318838E-001 1 0 1 0 0 0 0 0 0 1 1.0231700935 
  -.445700550506E-001 -.941546880927E-002 0.450887738020E-001 -.234085495357E-001 -.211862671492E-001 0.484564582082E-001 0 0 0 0 0 0 1 0 0 0 1.03211629738 
  0.655441986038E-001 -.422974895948E-001 -.319360542526E-001 -.234085495357E-001 -.211862671492E-001 0.484564582082E-001 1 0 1 0 0 0 0 1 0 0 1.03709143202 
  0.120601325431 0.284695851910E-001 -.915722444327E-001 -.210235275075E-001 -.242842977476E-001 0.490973140396E-001 0 0 0 0 0 0 0 0 1 0 1.04204193718 
  0.106837043724 0.532731117088E-002 -.813208549259E-001 -.711089900990E-001 0.620881180458E-001 -.265657592374E-001 1 0 0 0 0 0 1 0 0 1 1.04204193718 
  0.175658452258 0.157375383429 -.725430201557E-001 0.172163256774 0.618373232387E-001 -.13730429439 1 0 0 0 0 0 0 1 0 0 1.04239460867 
  0.655441986038E-001 -.422974895948E-001 -.319360542526E-001 -.234085495357E-001 -.211862671492E-001 0.484564582082E-001 0 0 0 0 0 0 0 0 0 0 1.05187002612 
  0.242513534834E-001 -.572192584186E-001 0.225700082857E-001 -.234085495357E-001 -.211862671492E-001 0.484564582082E-001 0 0 0 0 0 0 1 0 1 0 1.05674808457 
  0.655441986038E-001 -.422974895948E-001 -.319360542526E-001 0.886874857881E-001 -.570785202357E-001 -.822523305670E-001 1 0 0 0 0 0 0 0 0 0 1.05674808457 
  -.858629001710E-001 0.628708475456E-001 -.302179224987E-001 -.186385054794E-001 -.272808341878E-001 0.494903671793E-001 1 0 1 0 0 0 0 0 0 0 1.06677756515 
  0.793084803106E-001 -.300562262220E-001 -.504158700090E-001 0.481421113093E-001 -.699772262746E-001 -.133093532575E-001 1 0 0 0 0 0 0 0 1 0 1.07158361628 
  0.380156351902E-001 -.558790056931E-001 0.564377472158E-002 0.910725078162E-001 -.554063253977E-001 -.861218214494E-001 0 1 1 0 0 0 0 0 0 0 1.07158361628 
  -.858629001710E-001 0.628708475456E-001 -.302179224987E-001 -.401037037329E-001 0.334178346994E-002 0.364774537140E-001 0 1 0 0 0 0 0 1 0 0 1.07158361628 
  -.858629001710E-001 0.628708475456E-001 -.302179224987E-001 -.401037037329E-001 0.334178346994E-002 0.364774537140E-001 0 1 0 0 0 0 0 1 0 0 1.07158361628 
  0.104870717766E-001 -.549258409283E-001 0.368046014653E-001 -.949592103807E-001 0.118949434377 -.118741634814 1 0 1 1 0 0 0 1 0 0 1.08112697433 
  0.161894170551 0.119698428546 -.884793232243E-001 -.210235275075E-001 -.242842977476E-001 0.490973140396E-001 0 1 1 1 0 0 0 1 0 0 1.08112697433 
  0.242513534834E-001 -.572192584186E-001 0.225700082857E-001 0.600672214501E-001 -.692283139510E-001 -.333484133910E-001 1 0 0 0 0 0 0 1 0 0 1.09091608203 
  0.242513534834E-001 -.572192584186E-001 0.225700082857E-001 -.114834393949E-001 -.356614785590E-001 0.492487269112E-001 0 1 0 0 0 0 0 0 0 0 1.09091608203 
  0.793084803106E-001 -.300562262220E-001 -.504158700090E-001 0.242918910276E-001 -.638629890550E-001 0.217169403256E-001 1 0 1 0 0 0 0 0 1 0 1.09091608203 
  -.583343367574E-001 0.110462997599E-001 0.295618176563E-001 0.195218469713E-001 -.614222117125E-001 0.274649948147E-001 1 0 1 0 0 0 0 0 1 0 1.09091608203 
  0.517799168970E-001 -.509050827519E-001 -.128872094001E-001 -.138684614230E-001 -.329694245935E-001 0.495594719686E-001 1 0 1 0 0 0 0 0 0 0 1.07226831333 
  0.106837043724 0.532731117088E-002 -.813208549259E-001 0.20316854314 0.137672242466 -.833343646992E-001 1 0 1 0 0 0 0 0 1 0 1.10027756799 
  0.134365607138 0.552455294269E-001 -.969070455360E-001 -.496437918455E-001 0.195906838760E-001 0.231639955153E-001 1 0 1 0 0 0 0 1 0 0 1.10955222871 
  -.308057733438E-001 -.262435671627E-001 0.524896404288E-001 0.131617882295 -.114504069427E-001 -.136957595243 0 1 1 0 0 0 0 0 1 0 1.11251519384 
  -.583343367574E-001 0.110462997599E-001 0.295618176563E-001 0.141157970408 0.315491675093E-002 -.142782940857 1 0 0 0 0 0 0 0 1 0 1.11906829724 
  -.327720993019E-002 -.489987532222E-001 0.472606644337E-001 0.441670745957E-003 -.475993360132E-001 0.445060929616E-001 0 1 0 0 0 0 0 1 0 0 1.11906829724 
  -.308057733438E-001 -.262435671627E-001 0.524896404288E-001 0.719923315909E-001 -.659420476719E-001 -.539711413453E-001 1 0 0 0 0 0 0 0 0 0 1.11906829724 
  -.720986184642E-001 0.351417385449E-001 0.482188216506E-002 -.949592103807E-001 0.118949434377 -.118741634814 1 0 1 0 0 0 1 0 0 0 1.11906829724 
  -.720986184642E-001 0.351417385449E-001 0.482188216506E-002 -.949592103807E-001 0.118949434377 -.118741634814 1 0 1 0 0 0 1 0 0 0 1.11906829724 
  0.120601325431 0.284695851910E-001 -.915722444327E-001 0.521171480229E-002 -.516640198874E-001 0.412441127394E-001 1 0 0 0 0 0 0 0 0 1 1.12492959699 
  -.583343367574E-001 0.110462997599E-001 0.295618176563E-001 0.521171480229E-002 -.516640198874E-001 0.412441127394E-001 0 0 0 0 0 0 0 0 0 0 1.12817109091 
  0.104870717766E-001 -.549258409283E-001 0.368046014653E-001 -.353336596765E-001 -.417370178378E-002 0.413040810471E-001 1 0 0 0 0 0 0 0 1 0 1.12817109091 
  -.170414916370E-001 -.394379953003E-001 0.528513073638E-001 -.106884320521 0.151186123475 -.181383984635 0 0 1 0 0 0 0 0 0 0 1.12817109091 
  -.170414916370E-001 -.394379953003E-001 0.528513073638E-001 -.234085495357E-001 -.211862671492E-001 0.484564582082E-001 1 0 0 0 0 1 0 1 0 0 1.13140211149 
  -.327720993019E-002 -.489987532222E-001 0.472606644337E-001 -.432837331037E-002 -.431286755062E-001 0.470145216883E-001 0 0 0 0 0 0 0 0 0 0 1.13269160232 
  -.170414916370E-001 -.394379953003E-001 0.528513073638E-001 0.441670745957E-003 -.475993360132E-001 0.445060929616E-001 1 0 1 0 0 0 0 0 0 0 1.14167177813 
  0.930727620174E-001 -.141812926335E-001 -.672397668423E-001 -.830341002398E-001 0.892500992334E-001 -.674106282836E-001 1 0 1 0 0 0 0 0 1 0 1.14644961808 
  -.583343367574E-001 0.110462997599E-001 0.295618176563E-001 -.353336596765E-001 -.417370178378E-002 0.413040810471E-001 0 0 0 0 0 0 0 0 0 0 1.15530763234 
  -.996271818777E-001 0.942336267622E-001 -.766444861619E-001 -.472587698173E-001 0.153762175372E-001 0.269663896226E-001 0 0 0 0 0 0 0 0 0 0 1.15530763234 
  -.308057733438E-001 -.262435671627E-001 0.524896404288E-001 -.472587698173E-001 0.153762175372E-001 0.269663896226E-001 0 0 1 0 0 0 1 0 0 0 1.16408787063 
  0.930727620174E-001 -.141812926335E-001 -.672397668423E-001 0.552971773938E-001 -.698323613551E-001 -.252165376740E-001 0 0 0 0 0 0 0 0 0 0 1.16408787063 
  -.445700550506E-001 -.941546880927E-002 0.450887738020E-001 -.639539240145E-001 0.470088592319E-001 -.674889818720E-002 0 0 0 0 0 0 0 0 0 0 1.16408787063 
  -.858629001710E-001 0.628708475456E-001 -.302179224987E-001 -.257935715639E-001 -.179867423925E-001 0.475611980383E-001 0 0 0 0 0 0 0 0 0 0 1.17093295025 
  -.858629001710E-001 0.628708475456E-001 -.302179224987E-001 -.257935715639E-001 -.179867423925E-001 0.475611980383E-001 0 0 0 0 0 0 0 0 0 0 1.17093295025 
  -.327720993019E-002 -.489987532222E-001 0.472606644337E-001 -.257935715639E-001 -.179867423925E-001 0.475611980383E-001 0 0 0 0 0 0 0 0 1 0 1.17310114066 
  0.104870717766E-001 -.549258409283E-001 0.368046014653E-001 -.472587698173E-001 0.153762175372E-001 0.269663896226E-001 0 0 0 0 0 0 0 0 0 0 1.17310114066 
  0.655441986038E-001 -.422974895948E-001 -.319360542526E-001 0.242918910276E-001 -.638629890550E-001 0.217169403256E-001 1 0 0 0 0 0 0 0 0 0 1.17371976115 
  0.380156351902E-001 -.558790056931E-001 0.564377472158E-002 0.759673683045E-002 -.535441205871E-001 0.393470449336E-001 0 0 1 0 1 0 0 0 0 0 1.18172719538 
  -.445700550506E-001 -.941546880927E-002 0.450887738020E-001 0.934575298444E-001 -.536326364014E-001 -.899288376409E-001 0 0 0 1 0 0 1 1 0 0 1.18601247895 
  0.104870717766E-001 -.549258409283E-001 0.368046014653E-001 -.353336596765E-001 -.417370178378E-002 0.413040810471E-001 0 0 0 0 0 0 0 0 1 0 1.18601247895 
  0.655441986038E-001 -.422974895948E-001 -.319360542526E-001 0.286644314126 0.427098271755 0.415747176167 0 0 1 0 0 0 0 0 0 1 1.19483114641 
  -.445700550506E-001 -.941546880927E-002 0.450887738020E-001 0.266769130558E-001 -.649311364890E-001 0.186560551436E-001 1 0 0 0 1 0 1 1 0 0 1.19906075996 
  -.170414916370E-001 -.394379953003E-001 0.528513073638E-001 0.672222875346E-001 -.675610366582E-001 -.457048231966E-001 0 1 0 1 0 0 0 0 1 0 1.19906075996 
  -.170414916370E-001 -.394379953003E-001 0.528513073638E-001 -.424887257610E-001 0.725176733413E-002 0.336165170755E-001 1 0 1 0 1 0 0 0 0 0 1.19906075996 
  0.106837043724 0.532731117088E-002 -.813208549259E-001 0.481421113093E-001 -.699772262746E-001 -.133093532575E-001 0 0 1 0 0 0 0 0 1 0 1.20026594239 
  -.327720993019E-002 -.489987532222E-001 0.472606644337E-001 -.353336596765E-001 -.417370178378E-002 0.413040810471E-001 0 0 1 0 0 0 0 1 0 0 1.20327255921 
  -.996271818777E-001 0.942336267622E-001 -.766444861619E-001 -.424887257610E-001 0.725176733413E-002 0.336165170755E-001 0 1 0 0 0 0 0 0 0 0 1.21609898412 
  -.996271818777E-001 0.942336267622E-001 -.766444861619E-001 0.123667808868E-001 -.569998395119E-001 0.350537621646E-001 1 0 1 0 0 0 0 0 0 0 1.21609898412 
  -.720986184642E-001 0.351417385449E-001 0.482188216506E-002 0.236558851534 0.238523012923 0.456531437028E-001 0 1 0 0 0 0 0 0 0 0 1.22436349397 
  0.242513534834E-001 -.572192584186E-001 0.225700082857E-001 0.242918910276E-001 -.638629890550E-001 0.217169403256E-001 1 0 0 0 0 0 0 1 0 0 1.22847027593 
  0.120601325431 0.284695851910E-001 -.915722444327E-001 0.998175885862E-002 -.553227271286E-001 0.372813941932E-001 1 0 1 1 0 0 0 0 0 1 1.23256026118 
  -.445700550506E-001 -.941546880927E-002 0.450887738020E-001 -.210235275075E-001 -.242842977476E-001 0.490973140396E-001 0 1 1 0 0 0 0 0 0 0 1.23663358657 
  -.327720993019E-002 -.489987532222E-001 0.472606644337E-001 0.143542992436 0.705998306989E-002 -.143753008211 1 0 0 0 0 0 0 0 0 0 1.24097952996 
  -.170414916370E-001 -.394379953003E-001 0.528513073638E-001 0.282669277412E-002 -.496824250294E-001 0.429659959643E-001 1 0 0 0 0 0 0 1 0 0 1.24126858907 
  0.120601325431 0.284695851910E-001 -.915722444327E-001 0.958425518726E-001 -.517574532469E-001 -.936667774951E-001 1 0 0 0 0 0 0 0 0 0 1.24501877376 
  0.930727620174E-001 -.141812926335E-001 -.672397668423E-001 -.472587698173E-001 0.153762175372E-001 0.269663896226E-001 0 0 0 0 0 0 0 0 0 0 1.26525603274 
  -.445700550506E-001 -.941546880927E-002 0.450887738020E-001 -.671339533854E-002 -.407411040154E-001 0.479696501246E-001 0 0 0 0 0 0 0 0 0 0 1.24904176769 
  -.327720993019E-002 -.489987532222E-001 0.472606644337E-001 -.162534834512E-001 -.301758764697E-001 0.496422192734E-001 0 0 0 0 0 0 0 0 0 0 1.26525603274 
  -.858629001710E-001 0.628708475456E-001 -.302179224987E-001 -.234085495357E-001 -.211862671492E-001 0.484564582082E-001 0 0 1 0 0 0 0 0 0 0 1.27312566301 
  -.583343367574E-001 0.110462997599E-001 0.295618176563E-001 -.591838799582E-001 0.374634908137E-001 0.461817812961E-002 0 0 0 0 0 0 0 0 0 0 1.27312566301 
  -.327720993019E-002 -.489987532222E-001 0.472606644337E-001 0.441670745957E-003 -.475993360132E-001 0.445060929616E-001 1 0 0 0 0 0 0 0 0 0 1.27703737518 
  0.175658452258 0.157375383429 -.725430201557E-001 0.107767662013 -.408591251010E-001 -.11108927408 1 0 0 0 0 0 0 0 0 0 1.28093384546 
  -.170414916370E-001 -.394379953003E-001 0.528513073638E-001 -.114834393949E-001 -.356614785590E-001 0.492487269112E-001 1 0 0 0 0 0 0 1 0 0 1.28481519217 
  0.104870717766E-001 -.549258409283E-001 0.368046014653E-001 0.759673683045E-002 -.535441205871E-001 0.393470449336E-001 1 0 0 0 0 0 0 0 0 0 1.28481519217 
  -.308057733438E-001 -.262435671627E-001 0.524896404288E-001 0.998175885862E-002 -.553227271286E-001 0.372813941932E-001 0 0 0 0 0 0 0 0 1 0 1.28895712823 
  -.583343367574E-001 0.110462997599E-001 0.295618176563E-001 0.250868983703 0.287834421183 0.12778774845 1 0 1 0 0 1 0 0 0 0 1.28895712823 
  0.242513534834E-001 -.572192584186E-001 0.225700082857E-001 -.830341002398E-001 0.892500992334E-001 -.674106282836E-001 1 0 1 0 1 0 1 0 0 0 1.291159166 
  -.996271818777E-001 0.942336267622E-001 -.766444861619E-001 0.123667808868E-001 -.569998395119E-001 0.350537621646E-001 1 0 1 0 0 0 0 0 0 0 1.29280751803 
  0.793084803106E-001 -.300562262220E-001 -.504158700090E-001 0.123667808868E-001 -.569998395119E-001 0.350537621646E-001 1 0 0 0 0 0 0 1 0 0 1.29500110267 
  0.793084803106E-001 -.300562262220E-001 -.504158700090E-001 0.576821994219E-001 -.695810847322E-001 -.292675013529E-001 1 0 0 0 0 0 0 1 0 0 1.29500110267 
  -.583343367574E-001 0.110462997599E-001 0.295618176563E-001 0.409870452248E-001 -.692086437701E-001 -.190936334649E-002 1 0 1 0 0 0 0 0 0 0 1.29500110267 
  -.583343367574E-001 0.110462997599E-001 0.295618176563E-001 0.409870452248E-001 -.692086437701E-001 -.190936334649E-002 1 0 1 0 0 0 0 0 0 0 1.29500110267 
  0.930727620174E-001 -.141812926335E-001 -.672397668423E-001 0.171368249431E-001 -.600495818038E-001 0.301389608290E-001 1 0 0 0 0 0 0 1 0 0 1.30806251285 
  0.104870717766E-001 -.549258409283E-001 0.368046014653E-001 -.472587698173E-001 0.153762175372E-001 0.269663896226E-001 1 0 0 0 0 0 0 1 0 0 1.31587189682 
  -.583343367574E-001 0.110462997599E-001 0.295618176563E-001 0.129232860267 -.148480024705E-001 -.135047998023 1 0 1 0 0 1 0 0 0 0 1.32335456135 
  0.104870717766E-001 -.549258409283E-001 0.368046014653E-001 -.472587698173E-001 0.153762175372E-001 0.269663896226E-001 0 0 0 1 0 0 0 0 0 0 1.32707500146 
  -.327720993019E-002 -.489987532222E-001 0.472606644337E-001 -.472587698173E-001 0.153762175372E-001 0.269663896226E-001 1 0 0 0 0 0 0 1 0 0 1.32707500146 
  -.445700550506E-001 -.941546880927E-002 0.450887738020E-001 -.234085495357E-001 -.211862671492E-001 0.484564582082E-001 0 0 0 0 0 0 0 0 0 0 1.32707500146 
  0.242513534834E-001 -.572192584186E-001 0.225700082857E-001 0.265179115872 0.34079961914 0.22809461329 0 1 0 0 0 1 0 0 0 0 1.33236601909 
  0.930727620174E-001 -.141812926335E-001 -.672397668423E-001 -.424887257610E-001 0.725176733413E-002 0.336165170755E-001 1 0 0 0 0 0 0 1 0 0 1.33473787421 
  -.170414916370E-001 -.394379953003E-001 0.528513073638E-001 0.934575298444E-001 -.536326364014E-001 -.899288376409E-001 1 0 0 0 0 0 0 0 0 0 1.34208120644 
  -.720986184642E-001 0.351417385449E-001 0.482188216506E-002 -.234085495357E-001 -.211862671492E-001 0.484564582082E-001 1 0 1 0 0 0 0 0 1 0 1.34963037675 
  -.996271818777E-001 0.942336267622E-001 -.766444861619E-001 0.958425518726E-001 -.517574532469E-001 -.936667774951E-001 0 1 0 0 0 0 0 0 0 1 1.35066718348 
  0.120601325431 0.284695851910E-001 -.915722444327E-001 0.134002904323 -.795131725659E-002 -.138692489784 1 0 0 0 0 0 0 0 1 0 1.35066718348 
  -.720986184642E-001 0.351417385449E-001 0.482188216506E-002 -.234085495357E-001 -.211862671492E-001 0.484564582082E-001 0 0 0 0 0 0 0 1 0 0 1.35686555043 
  0.793084803106E-001 -.300562262220E-001 -.504158700090E-001 0.441670745957E-003 -.475993360132E-001 0.445060929616E-001 1 0 1 0 0 0 0 0 1 0 1.35686555043 
  0.134365607138 0.552455294269E-001 -.969070455360E-001 -.305636156202E-001 -.112832104046E-001 0.449810580980E-001 1 0 0 0 0 0 1 1 0 0 1.36404875217 
  -.445700550506E-001 -.941546880927E-002 0.450887738020E-001 0.958425518726E-001 -.517574532469E-001 -.936667774951E-001 1 0 1 0 0 0 0 0 0 0 1.37118072331 
  0.655441986038E-001 -.422974895948E-001 -.319360542526E-001 0.998175885862E-002 -.553227271286E-001 0.372813941932E-001 0 0 0 0 0 0 0 1 0 0 1.37143449821 
  -.127155745291 0.167860195843 -.208005449794 0.123667808868E-001 -.569998395119E-001 0.350537621646E-001 1 0 0 0 0 0 0 0 0 0 1.37143449821 
  0.655441986038E-001 -.422974895948E-001 -.319360542526E-001 0.441670745957E-003 -.475993360132E-001 0.445060929616E-001 0 0 0 0 0 0 0 0 0 0 1.3785141738 
  0.242513534834E-001 -.572192584186E-001 0.225700082857E-001 -.234085495357E-001 -.211862671492E-001 0.484564582082E-001 1 0 0 0 0 0 0 0 1 0 1.3820353042 
  -.996271818777E-001 0.942336267622E-001 -.766444861619E-001 -.830341002398E-001 0.892500992334E-001 -.674106282836E-001 0 0 0 0 0 0 0 1 0 0 1.38554407973 
  -.445700550506E-001 -.941546880927E-002 0.450887738020E-001 0.672222875346E-001 -.675610366582E-001 -.457048231966E-001 1 0 0 0 0 0 0 1 0 0 1.38554407973 
  0.380156351902E-001 -.558790056931E-001 0.564377472158E-002 0.719923315909E-001 -.659420476719E-001 -.539711413453E-001 0 0 0 0 0 0 0 0 0 0 1.39970404803 
  -.308057733438E-001 -.262435671627E-001 0.524896404288E-001 -.353336596765E-001 -.417370178378E-002 0.413040810471E-001 1 0 0 0 0 0 0 1 0 0 1.39970404803 
  -.170414916370E-001 -.394379953003E-001 0.528513073638E-001 -.194335128221E-002 -.454147528388E-001 0.458578020851E-001 1 0 0 0 0 0 0 0 0 0 1.41366630792 
  0.242513534834E-001 -.572192584186E-001 0.225700082857E-001 0.441670745957E-003 -.475993360132E-001 0.445060929616E-001 1 0 0 0 0 0 0 0 1 0 1.42383096465 
  0.106837043724 0.532731117088E-002 -.813208549259E-001 -.234085495357E-001 -.211862671492E-001 0.484564582082E-001 1 0 0 0 0 0 0 0 1 0 1.42719635244 
  0.161894170551 0.119698428546 -.884793232243E-001 0.958425518726E-001 -.517574532469E-001 -.936667774951E-001 1 0 0 1 0 0 0 1 0 0 1.42887480866 
  -.583343367574E-001 0.110462997599E-001 0.295618176563E-001 -.234085495357E-001 -.211862671492E-001 0.484564582082E-001 1 0 1 0 0 0 0 0 0 0 1.44409145985 
  0.104870717766E-001 -.549258409283E-001 0.368046014653E-001 -.329486376484E-001 -.777920317330E-002 0.432829750346E-001 1 0 0 0 0 0 0 1 0 0 1.52453340534 
  0.299536987619 0.659983137088 0.618197133681 -.162534834512E-001 -.301758764697E-001 0.496422192734E-001 1 0 0 0 0 0 0 1 0 0 1.60743590976 
  0.655441986038E-001 -.422974895948E-001 -.319360542526E-001 -.234085495357E-001 -.211862671492E-001 0.484564582082E-001 0 0 1 1 0 0 1 0 0 0 -.34389975245 
  0.793084803106E-001 -.300562262220E-001 -.504158700090E-001 0.441670745957E-003 -.475993360132E-001 0.445060929616E-001 1 0 0 0 0 0 1 0 1 0 0.207825391825E-001 
  0.148129888845 0.856551438786E-001 -.962383684088E-001 0.136387926351 -.435073341231E-002 -.140246079997 0 1 1 0 0 1 0 0 0 0 0.126632650933 
  0.242513534834E-001 -.572192584186E-001 0.225700082857E-001 -.591838799582E-001 0.374634908137E-001 0.461817812961E-002 0 0 0 1 0 1 0 0 0 0 0.285178942234 
  0.242513534834E-001 -.572192584186E-001 0.225700082857E-001 -.106884320521 0.151186123475 -.181383984635 0 0 0 0 0 0 1 0 0 0 0.387979793767 
  0.517799168970E-001 -.509050827519E-001 -.128872094001E-001 0.481421113093E-001 -.699772262746E-001 -.133093532575E-001 0 0 0 0 0 0 0 0 0 0 0.462475362825 
  -.327720993019E-002 -.489987532222E-001 0.472606644337E-001 -.782640561835E-001 0.780808242837E-001 -.498605556920E-001 0 0 0 0 0 0 1 1 0 0 0.462475362825 
  0.104870717766E-001 -.549258409283E-001 0.368046014653E-001 -.432837331037E-002 -.431286755062E-001 0.470145216883E-001 0 1 0 1 0 0 0 1 0 0 0.531216313414 
  0.104870717766E-001 -.549258409283E-001 0.368046014653E-001 0.521171480229E-002 -.516640198874E-001 0.412441127394E-001 0 0 0 0 0 1 0 0 0 0 0.547543206701 
  -.308057733438E-001 -.262435671627E-001 0.524896404288E-001 0.839174417317E-001 -.601184274372E-001 -.743523313151E-001 1 0 1 0 0 1 0 1 0 0 0.582215619853 
  0.120601325431 0.284695851910E-001 -.915722444327E-001 -.591838799582E-001 0.374634908137E-001 0.461817812961E-002 1 0 1 0 0 0 0 0 0 0 0.597736995755 
  -.583343367574E-001 0.110462997599E-001 0.295618176563E-001 -.925741883525E-001 0.112806579032 -.107596932631 1 0 1 0 1 0 1 0 0 0 0.6339278209 
  0.242513534834E-001 -.572192584186E-001 0.225700082857E-001 -.353336596765E-001 -.417370178378E-002 0.413040810471E-001 0 0 0 0 0 0 0 0 0 0 0.638162872227 
  -.996271818777E-001 0.942336267622E-001 -.766444861619E-001 0.441670745957E-003 -.475993360132E-001 0.445060929616E-001 0 0 0 0 0 0 0 1 0 0 0.64132743183 
  0.242513534834E-001 -.572192584186E-001 0.225700082857E-001 -.901891663243E-001 0.106765217845 -.968980825323E-001 1 0 1 0 0 0 0 0 0 0 0.656483196188 
  -.445700550506E-001 -.941546880927E-002 0.450887738020E-001 0.481421113093E-001 -.699772262746E-001 -.133093532575E-001 1 0 1 0 0 0 0 0 1 0 0.656483196188 
  -.308057733438E-001 -.262435671627E-001 0.524896404288E-001 0.167393212718 0.516928249617E-001 -.140940309893 0 1 0 0 0 0 1 0 1 0 0.656483196188 
  0.104870717766E-001 -.549258409283E-001 0.368046014653E-001 0.600672214501E-001 -.692283139510E-001 -.333484133910E-001 1 0 1 1 0 0 0 0 0 0 0.660623988854 
  -.308057733438E-001 -.262435671627E-001 0.524896404288E-001 -.639539240145E-001 0.470088592319E-001 -.674889818720E-002 0 0 0 0 0 0 0 0 0 0 0.67803354275 
  -.445700550506E-001 -.941546880927E-002 0.450887738020E-001 -.114834393949E-001 -.356614785590E-001 0.492487269112E-001 0 0 0 0 0 0 1 0 0 0 0.720275847948 
  0.242513534834E-001 -.572192584186E-001 0.225700082857E-001 -.973442324088E-001 0.12519378388 -.130338790729 0 0 0 0 1 0 0 1 0 0 0.720275847948 
  -.583343367574E-001 0.110462997599E-001 0.295618176563E-001 -.663389460427E-001 0.519337846783E-001 -.129790840142E-001 1 0 0 0 0 0 0 0 1 0 0.733328970193 
  -.583343367574E-001 0.110462997599E-001 0.295618176563E-001 -.424887257610E-001 0.725176733413E-002 0.336165170755E-001 1 0 1 0 0 0 1 0 0 0 0.734289123891 
  0.380156351902E-001 -.558790056931E-001 0.564377472158E-002 -.305636156202E-001 -.112832104046E-001 0.449810580980E-001 1 0 1 1 0 0 0 0 0 0 0.734289123891 
  0.104870717766E-001 -.549258409283E-001 0.368046014653E-001 0.195218469713E-001 -.614222117125E-001 0.274649948147E-001 1 0 0 0 0 0 0 0 0 0 0.741937344729 
  -.858629001710E-001 0.628708475456E-001 -.302179224987E-001 0.441670745957E-003 -.475993360132E-001 0.445060929616E-001 0 0 1 1 0 0 1 0 0 0 0.753771802376 
  -.445700550506E-001 -.941546880927E-002 0.450887738020E-001 -.234085495357E-001 -.211862671492E-001 0.484564582082E-001 0 1 1 0 0 0 0 0 0 1 0.75424227992 
  -.170414916370E-001 -.394379953003E-001 0.528513073638E-001 0.441670745957E-003 -.475993360132E-001 0.445060929616E-001 1 0 1 1 0 0 1 1 0 0 0.782530741695 
  0.517799168970E-001 -.509050827519E-001 -.128872094001E-001 0.441670745957E-003 -.475993360132E-001 0.445060929616E-001 0 1 0 0 0 0 1 0 0 0 0.782530741695 
  -.445700550506E-001 -.941546880927E-002 0.450887738020E-001 -.118809430662 0.18596016653 -.256162883551 0 0 1 0 0 0 1 0 0 0 0.793444901875 
  -.858629001710E-001 0.628708475456E-001 -.302179224987E-001 -.472587698173E-001 0.153762175372E-001 0.269663896226E-001 1 0 1 0 0 0 0 0 0 0 0.799756915618 
  0.242513534834E-001 -.572192584186E-001 0.225700082857E-001 -.591838799582E-001 0.374634908137E-001 0.461817812961E-002 0 0 0 1 0 0 0 1 0 0 0.806475865867 
  -.445700550506E-001 -.941546880927E-002 0.450887738020E-001 -.496437918455E-001 0.195906838760E-001 0.231639955153E-001 0 0 0 0 0 0 0 0 0 0 0.806475865867 
  -.720986184642E-001 0.351417385449E-001 0.482188216506E-002 0.433720672529E-001 -.695663320965E-001 -.564200229439E-002 0 0 0 0 0 0 0 0 0 0 0.82505225144 
  -.720986184642E-001 0.351417385449E-001 0.482188216506E-002 -.472587698173E-001 0.153762175372E-001 0.269663896226E-001 0 1 1 1 0 0 0 0 0 0 0.831168478457 
  -.445700550506E-001 -.941546880927E-002 0.450887738020E-001 -.210235275075E-001 -.242842977476E-001 0.490973140396E-001 1 0 1 1 0 0 1 0 0 0 0.831168478457 
  -.308057733438E-001 -.262435671627E-001 0.524896404288E-001 -.711089900990E-001 0.620881180458E-001 -.265657592374E-001 0 0 0 1 0 0 0 0 0 1 0.833343811053 
  0.380156351902E-001 -.558790056931E-001 0.564377472158E-002 -.806490782117E-001 0.836147146795E-001 -.584291700613E-001 0 0 0 0 0 0 0 0 0 0 0.843720039039 
  0.106837043724 0.532731117088E-002 -.813208549259E-001 -.663389460427E-001 0.519337846783E-001 -.129790840142E-001 1 0 1 1 0 0 0 1 0 0 0.855691109745 
  -.113391463585 0.129230076194 -.135544698651 -.472587698173E-001 0.153762175372E-001 0.269663896226E-001 1 0 0 0 0 0 0 0 0 0 0.855691109745 
  -.327720993019E-002 -.489987532222E-001 0.472606644337E-001 0.136387926351 -.435073341231E-002 -.140246079997 0 1 1 0 0 0 0 1 0 0 0.861623330532 
  -.445700550506E-001 -.941546880927E-002 0.450887738020E-001 -.186385054794E-001 -.272808341878E-001 0.494903671793E-001 0 1 1 0 0 0 0 0 0 0 0.867520567505 
  0.104870717766E-001 -.549258409283E-001 0.368046014653E-001 -.591838799582E-001 0.374634908137E-001 0.461817812961E-002 0 1 1 0 0 0 0 0 0 0 0.867520567505 
  -.113391463585 0.129230076194 -.135544698651 -.353336596765E-001 -.417370178378E-002 0.413040810471E-001 0 0 0 0 0 0 1 0 0 0 0.867520567505 
  -.327720993019E-002 -.489987532222E-001 0.472606644337E-001 -.234085495357E-001 -.211862671492E-001 0.484564582082E-001 0 0 0 0 0 0 0 0 0 0 0.879626747503 
  0.930727620174E-001 -.141812926335E-001 -.672397668423E-001 0.290619350839E-001 -.658977897647E-001 0.154794001986E-001 1 0 1 1 0 0 0 0 0 0 0.879626747503 
  -.170414916370E-001 -.394379953003E-001 0.528513073638E-001 0.441670745957E-003 -.475993360132E-001 0.445060929616E-001 1 0 1 0 0 0 0 1 0 0 0.879626747503 
  -.858629001710E-001 0.628708475456E-001 -.302179224987E-001 -.234085495357E-001 -.211862671492E-001 0.484564582082E-001 1 0 1 0 0 0 0 0 0 1 0.881285122675 
  -.327720993019E-002 -.489987532222E-001 0.472606644337E-001 -.472587698173E-001 0.153762175372E-001 0.269663896226E-001 1 0 1 1 0 0 0 0 0 0 0.885419068207 
  -.858629001710E-001 0.628708475456E-001 -.302179224987E-001 -.234085495357E-001 -.211862671492E-001 0.484564582082E-001 0 1 0 0 0 0 0 0 1 0 0.891178031059 
  0.380156351902E-001 -.558790056931E-001 0.564377472158E-002 0.576821994219E-001 -.695810847322E-001 -.292675013529E-001 0 0 0 1 0 1 0 1 0 0 0.892817375689 
  -.445700550506E-001 -.941546880927E-002 0.450887738020E-001 -.591838799582E-001 0.374634908137E-001 0.461817812961E-002 0 0 0 0 0 0 0 0 0 1 0.896088024557 
  0.380156351902E-001 -.558790056931E-001 0.564377472158E-002 0.143542992436 0.705998306989E-002 -.143753008211 1 0 1 0 0 0 0 0 0 0 0.902597404742 
  -.127155745291 0.167860195843 -.208005449794 -.687239680708E-001 0.569602042829E-001 -.195825038154E-001 0 0 1 1 0 0 0 0 0 0 0.902597404742 
  0.655441986038E-001 -.422974895948E-001 -.319360542526E-001 -.830341002398E-001 0.892500992334E-001 -.674106282836E-001 1 0 1 0 0 0 0 0 1 0 0.902597404742 
  -.127155745291 0.167860195843 -.208005449794 -.711089900990E-001 0.620881180458E-001 -.265657592374E-001 0 0 0 0 0 0 0 0 1 0 0.914288729203 
  -.327720993019E-002 -.489987532222E-001 0.472606644337E-001 -.854191222680E-001 0.949869779456E-001 -.768115320052E-001 0 0 1 0 0 0 0 0 0 0 0.914288729203 
  -.858629001710E-001 0.628708475456E-001 -.302179224987E-001 0.290619350839E-001 -.658977897647E-001 0.154794001986E-001 0 1 0 0 0 1 0 0 0 0 0.914288729203 
  -.308057733438E-001 -.262435671627E-001 0.524896404288E-001 0.441670745957E-003 -.475993360132E-001 0.445060929616E-001 1 0 1 0 0 1 0 0 0 1 0.914288729203 
===========================================================================
Total number of bases considered =        17

BASES considered
 age1
 age2
 age3
 lwt1
 lwt2
 lwt3
 white
 black
 smoke
 ptl1
 ptl2m
 ht
 ui
 ftv1
 ftv2
 ftv3m
 1.00
===========================================================================
 BEGIN_GROUPS
 1 lin 1
 2 lin 2
 3 lin 3
 4 lin 4
 5 lin 5
 6 lin 6
 7 lin 7
 8 lin 8
 9 lin 9
 10 lin 10
 11 lin 11
 12 lin 12
 13 lin 13
 14 lin 14
 15 lin 15
 16 lin 16
 end_groups
 BEGIN_GROUPCON
 1 1 atl 1
 1 1 req 2
 1 1 req 3
 2 1 req 1
 2 1 req 3
 3 1 req 1
 3 1 req 2
 4 1 atl 1
 4 1 req 5
 4 1 req 6
 5 1 req 4
 5 1 req 6
 6 1 req 4
 6 1 req 5
 7 1 atl 1
 7 1 xcl 8
 8 1 xcl 7
 10 1 req 11
 11 1 req 10
 14 1 req 15 16
 15 1 req 14 16
 16 1 req 14 15
 end_groupcon
 
 Step 0: Initializing data set
 User provided an initial data set of 189 data points
 We will sample no more data points at this stage
 ***************************************************************************
 Iteration 1 (Approx. elapsed time 0.48E-01 s)
 
 Step 1: Model building using MSE
 
 Model building for variable Z1
 sigma in almsurr1 =    1.00000000000000
 ----
 MSE = 0.559 with Z1 =  - 1.4203000565591010762034 * age1 + 0.44412160214207480057880 * age2 + 0.17413385668499417602284 * age3 + 0.32126627946226127274798 * lwt1 + 0.56857103828948141188704 * lwt2 + 0.91036817568035444114827 * lwt3 + 1.1285330761600140814238 * white
 ----
 MSE = 0.733E-01 with Z1 =  - 0.13030624287333386623899 * age1 + 0.57643117082054573518946 * age2 + 0.25203685257730856772440 * age3 + 0.61200148662350639661156 * lwt1 - 0.23329889537553735734399 * lwt2 + 0.58983704096942957129102 * lwt3 + 0.11184206212140426761614 * white + 0.98755275259985386693273
 ----
 MSE = 0.684E-01 with Z1 =  - 0.17386564294945480724230 * age1 + 0.54535250616136976553605 * age2 + 0.29068600146541212492224 * age3 + 0.46731941187735187570595 * lwt1 - 0.11318319565599685438961 * lwt2 + 0.45136773237868171859688 * lwt3 + 0.11058735137970604478497 * white - 0.20692887640279766792162 * ui + 1.0188461958299137588568
 ----
 MSE = 0.646E-01 with Z1 =  - 0.21666876235068249778593 * age1 + 0.49418931939482296789024 * age2 + 0.36407091123824208978021 * age3 + 0.68086680380104369625371 * lwt1 + 0.30116775479317320352024E-002 * lwt2 + 0.45061794623861417541377 * lwt3 + 0.10502556643151565729521 * white - 0.27049675966868136356425 * ht - 0.22520751528748958469883 * ui + 1.0415535733951082342230
 ----
 MSE = 0.614E-01 with Z1 =  - 0.29501408726246292069106 * age1 + 0.46301275486175935691691 * age2 + 0.34621558491129594825608 * age3 + 0.63344845259005677640118 * lwt1 + 0.16004483464777286005898 * lwt2 + 0.42408401193361366932066 * lwt3 + 0.15005433442498786189567 * white - 0.12793449347602686705372 * smoke - 0.26458177922761366707149 * ht - 0.21895812068661069105246 * ui + 1.0674711817323323526097
 
 Calculating quality metrics on observed data set.
 Errors on observed data points 
 (for each data point: x, z, zmodel, square error, absolute error):
  -.583343367574E-001 0.110462997599E-001 0.295618176563E-001 0.124462816211 -.213387110515E-001 -.130731102126 0 1 0 0 0 0 1 0 0 0 0.925448669659 0.901056509412 0.594977481524E-003 2.63571184949 
  0.134365607138 0.552455294269E-001 -.969070455360E-001 0.600672214501E-001 -.692283139510E-001 -.333484133910E-001 0 0 0 0 0 0 0 0 0 1 0.93648543916 1.03268741558 0.925482026753E-002 10.2726612075 
  -.445700550506E-001 -.941546880927E-002 0.450887738020E-001 -.591838799582E-001 0.374634908137E-001 0.461817812961E-002 1 0 1 0 0 0 0 1 0 0 0.938834696309 1.08445516736 0.212053215886E-001 15.5107679362 
  -.308057733438E-001 -.262435671627E-001 0.524896404288E-001 -.520288138737E-001 0.239066443731E-001 0.190345789588E-001 1 0 1 0 0 0 1 0 1 0 0.953201085894 0.864683488251 0.783536509250E-002 9.28635090255 
  -.720986184642E-001 0.351417385449E-001 0.482188216506E-002 -.544138359018E-001 0.283240990284E-001 0.145715383066E-001 1 0 1 0 0 0 1 0 0 0 0.955511445027 0.886087816061 0.481964025882E-002 7.26559889234 
  -.308057733438E-001 -.262435671627E-001 0.524896404288E-001 -.138684614230E-001 -.329694245935E-001 0.495594719686E-001 0 0 0 0 0 0 0 0 0 0 0.963937385342 1.08953678224 0.157752085006E-001 13.0298294065 
  -.170414916370E-001 -.394379953003E-001 0.528513073638E-001 -.281785935920E-001 -.146857234777E-001 0.464049318838E-001 1 0 0 0 0 0 0 1 0 0 0.969641907371 1.22207017669 0.637200311535E-001 26.0331435146 
  -.858629001710E-001 0.628708475456E-001 -.302179224987E-001 -.639539240145E-001 0.470088592319E-001 -.674889818720E-002 0 0 0 0 0 0 0 1 0 0 0.969641907371 1.07559994655 0.112271060656E-001 10.9275432888 
  0.793084803106E-001 -.300562262220E-001 -.504158700090E-001 -.162534834512E-001 -.301758764697E-001 0.496422192734E-001 1 0 1 0 0 0 0 1 0 0 0.979453306832 1.04074996213 0.375727995099E-002 6.25825191182 
  0.380156351902E-001 -.558790056931E-001 0.564377472158E-002 -.401037037329E-001 0.334178346994E-002 0.364774537140E-001 1 0 1 0 0 0 0 0 0 0 0.980204057618 1.04505785619 0.420601518946E-002 6.61635687691 
  -.583343367574E-001 0.110462997599E-001 0.295618176563E-001 -.830341002398E-001 0.892500992334E-001 -.674106282836E-001 0 0 0 0 0 0 0 0 0 0 1.00136690423 1.0331283979 0.100879247995E-002 3.17181380099 
  -.583343367574E-001 0.110462997599E-001 0.295618176563E-001 0.481421113093E-001 -.699772262746E-001 -.133093532575E-001 0 0 0 0 0 0 0 1 0 0 1.00539990695 1.1136817409 0.117249555645E-001 10.7700262558 
  -.170414916370E-001 -.394379953003E-001 0.528513073638E-001 -.830341002398E-001 0.892500992334E-001 -.674106282836E-001 0 0 0 0 0 1 0 0 0 0 1.01196448194 0.741052959423 0.733930530337E-001 26.7708528662 
  0.930727620174E-001 -.141812926335E-001 -.672397668423E-001 -.544138359018E-001 0.283240990284E-001 0.145715383066E-001 0 0 0 1 0 0 1 0 1 0 1.01160091168 0.767454032553 0.596076985867E-001 24.1347033506 
  -.720986184642E-001 0.351417385449E-001 0.482188216506E-002 -.711089900990E-001 0.620881180458E-001 -.265657592374E-001 1 0 1 0 0 0 0 0 0 0 1.01848624419 1.08242850381 0.408861256600E-002 6.27816624821 
  -.720986184642E-001 0.351417385449E-001 0.482188216506E-002 -.711089900990E-001 0.620881180458E-001 -.265657592374E-001 1 0 1 0 0 0 0 0 0 0 1.01848624419 1.08242850381 0.408861256600E-002 6.27816624821 
  -.113391463585 0.129230076194 -.135544698651 -.758790341553E-001 0.726484280462E-001 -.416981835292E-001 0 1 0 0 0 0 0 0 0 0 1.02173124433 1.05970876325 0.144229194336E-002 3.7169773491 
  0.242513534834E-001 -.572192584186E-001 0.225700082857E-001 -.281785935920E-001 -.146857234777E-001 0.464049318838E-001 1 0 1 0 0 0 0 0 0 1 1.0231700935 1.06323690291 0.160534921629E-002 3.91594805833 
  -.445700550506E-001 -.941546880927E-002 0.450887738020E-001 -.234085495357E-001 -.211862671492E-001 0.484564582082E-001 0 0 0 0 0 0 1 0 0 0 1.03211629738 0.875243556296 0.246090568950E-001 15.1991341946 
  0.655441986038E-001 -.422974895948E-001 -.319360542526E-001 -.234085495357E-001 -.211862671492E-001 0.484564582082E-001 1 0 1 0 0 0 0 1 0 0 1.03709143202 1.04194427097 0.235500458617E-004 0.467927783302 
  0.120601325431 0.284695851910E-001 -.915722444327E-001 -.210235275075E-001 -.242842977476E-001 0.490973140396E-001 0 0 0 0 0 0 0 0 1 0 1.04204193718 1.01698762322 0.627718648155E-003 2.40434795079 
  0.106837043724 0.532731117088E-002 -.813208549259E-001 -.711089900990E-001 0.620881180458E-001 -.265657592374E-001 1 0 0 0 0 0 1 0 0 1 1.04204193718 0.894987917284 0.216248847676E-001 14.1121018885 
  0.175658452258 0.157375383429 -.725430201557E-001 0.172163256774 0.618373232387E-001 -.13730429439 1 0 0 0 0 0 0 1 0 0 1.04239460867 1.27417982062 0.537243844776E-001 22.2358414001 
  0.655441986038E-001 -.422974895948E-001 -.319360542526E-001 -.234085495357E-001 -.211862671492E-001 0.484564582082E-001 0 0 0 0 0 0 0 0 0 0 1.05187002612 1.01982443002 0.102692022917E-002 3.04653572217 
  0.242513534834E-001 -.572192584186E-001 0.225700082857E-001 -.234085495357E-001 -.211862671492E-001 0.484564582082E-001 0 0 0 0 0 0 1 0 1 0 1.05674808457 0.825010159379 0.537024659715E-001 21.9293442377 
  0.655441986038E-001 -.422974895948E-001 -.319360542526E-001 0.886874857881E-001 -.570785202357E-001 -.822523305670E-001 1 0 0 0 0 0 0 0 0 0 1.05674808457 1.17970994731 0.151196196893E-001 11.6358727817 
  -.858629001710E-001 0.628708475456E-001 -.302179224987E-001 -.186385054794E-001 -.272808341878E-001 0.494903671793E-001 1 0 1 0 0 0 0 0 0 0 1.06677756515 1.13838526083 0.512766208075E-002 6.71252358697 
  0.793084803106E-001 -.300562262220E-001 -.504158700090E-001 0.481421113093E-001 -.699772262746E-001 -.133093532575E-001 1 0 0 0 0 0 0 0 1 0 1.07158361628 1.17640898958 0.109883588870E-001 9.78228592759 
  0.380156351902E-001 -.558790056931E-001 0.564377472158E-002 0.910725078162E-001 -.554063253977E-001 -.861218214494E-001 0 1 1 0 0 0 0 0 0 0 1.07158361628 0.916702166148 0.239882635950E-001 14.4535104661 
  -.858629001710E-001 0.628708475456E-001 -.302179224987E-001 -.401037037329E-001 0.334178346994E-002 0.364774537140E-001 0 1 0 0 0 0 0 1 0 0 1.07158361628 1.10205074649 0.928246023355E-003 2.84318738632 
  -.858629001710E-001 0.628708475456E-001 -.302179224987E-001 -.401037037329E-001 0.334178346994E-002 0.364774537140E-001 0 1 0 0 0 0 0 1 0 0 1.07158361628 1.10205074649 0.928246023355E-003 2.84318738632 
  0.104870717766E-001 -.549258409283E-001 0.368046014653E-001 -.949592103807E-001 0.118949434377 -.118741634814 1 0 1 1 0 0 0 1 0 0 1.08112697433 0.982337199281 0.975941965359E-002 9.13766628635 
  0.161894170551 0.119698428546 -.884793232243E-001 -.210235275075E-001 -.242842977476E-001 0.490973140396E-001 0 1 1 1 0 0 0 1 0 0 1.08112697433 0.920182094337 0.259032543950E-001 14.8867694371 
  0.242513534834E-001 -.572192584186E-001 0.225700082857E-001 0.600672214501E-001 -.692283139510E-001 -.333484133910E-001 1 0 0 0 0 0 0 1 0 0 1.09091608203 1.20451919287 0.129056667918E-001 10.4135517578 
  0.242513534834E-001 -.572192584186E-001 0.225700082857E-001 -.114834393949E-001 -.356614785590E-001 0.492487269112E-001 0 1 0 0 0 0 0 0 0 0 1.09091608203 1.0495415283 0.171185369625E-002 3.79264311987 
  0.793084803106E-001 -.300562262220E-001 -.504158700090E-001 0.242918910276E-001 -.638629890550E-001 0.217169403256E-001 1 0 1 0 0 0 0 0 1 0 1.09091608203 1.04919925416 0.174029372774E-002 3.82401804864 
  -.583343367574E-001 0.110462997599E-001 0.295618176563E-001 0.195218469713E-001 -.614222117125E-001 0.274649948147E-001 1 0 1 0 0 0 0 0 1 0 1.09091608203 1.1363330547 0.206270140589E-002 4.16319581416 
  0.517799168970E-001 -.509050827519E-001 -.128872094001E-001 -.138684614230E-001 -.329694245935E-001 0.495594719686E-001 1 0 1 0 0 0 0 0 0 0 1.07226831333 1.05323960058 0.362091908725E-003 1.77462231312 
  0.106837043724 0.532731117088E-002 -.813208549259E-001 0.20316854314 0.137672242466 -.833343646992E-001 1 0 1 0 0 0 0 0 1 0 1.10027756799 1.14777441424 0.225595040428E-002 4.316805835 
  0.134365607138 0.552455294269E-001 -.969070455360E-001 -.496437918455E-001 0.195906838760E-001 0.231639955153E-001 1 0 1 0 0 0 0 1 0 0 1.10955222871 1.02349201584 0.740636023854E-002 7.75630120326 
  -.308057733438E-001 -.262435671627E-001 0.524896404288E-001 0.131617882295 -.114504069427E-001 -.136957595243 0 1 1 0 0 0 0 0 1 0 1.11251519384 0.978105489527 0.180659686128E-001 12.0816061709 
  -.583343367574E-001 0.110462997599E-001 0.295618176563E-001 0.141157970408 0.315491675093E-002 -.142782940857 1 0 0 0 0 0 0 0 1 0 1.11906829724 1.27945357061 0.257234359143E-001 14.3320361918 
  -.327720993019E-002 -.489987532222E-001 0.472606644337E-001 0.441670745957E-003 -.475993360132E-001 0.445060929616E-001 0 1 0 0 0 0 0 1 0 0 1.11906829724 1.07364940594 0.206287568630E-002 4.05863443772 
  -.308057733438E-001 -.262435671627E-001 0.524896404288E-001 0.719923315909E-001 -.659420476719E-001 -.539711413453E-001 1 0 0 0 0 0 0 0 0 0 1.11906829724 1.24479672727 0.158076381201E-001 11.2350989077 
  -.720986184642E-001 0.351417385449E-001 0.482188216506E-002 -.949592103807E-001 0.118949434377 -.118741634814 1 0 1 0 0 0 1 0 0 0 1.11906829724 0.818372542848 0.904179367066E-001 26.8701879171 
  -.720986184642E-001 0.351417385449E-001 0.482188216506E-002 -.949592103807E-001 0.118949434377 -.118741634814 1 0 1 0 0 0 1 0 0 0 1.11906829724 0.818372542848 0.904179367066E-001 26.8701879171 
  0.120601325431 0.284695851910E-001 -.915722444327E-001 0.521171480229E-002 -.516640198874E-001 0.412441127394E-001 1 0 0 0 0 0 0 0 0 1 1.12492959699 1.17594823107 0.260290102382E-002 4.53527351587 
  -.583343367574E-001 0.110462997599E-001 0.295618176563E-001 0.521171480229E-002 -.516640198874E-001 0.412441127394E-001 0 0 0 0 0 0 0 0 0 0 1.12817109091 1.11255373448 0.243901821958E-003 1.38430744759 
  0.104870717766E-001 -.549258409283E-001 0.368046014653E-001 -.353336596765E-001 -.417370178378E-002 0.413040810471E-001 1 0 0 0 0 0 0 0 1 0 1.12817109091 1.19620901289 0.462915882780E-002 6.0308159402 
  -.170414916370E-001 -.394379953003E-001 0.528513073638E-001 -.106884320521 0.151186123475 -.181383984635 0 0 1 0 0 0 0 0 0 0 1.12817109091 0.824170622587 0.924162847404E-001 26.9463090104 
  -.170414916370E-001 -.394379953003E-001 0.528513073638E-001 -.234085495357E-001 -.211862671492E-001 0.484564582082E-001 1 0 0 0 0 1 0 1 0 0 1.13140211149 0.96033961557 0.292623775107E-001 15.1195135826 
  -.327720993019E-002 -.489987532222E-001 0.472606644337E-001 -.432837331037E-002 -.431286755062E-001 0.470145216883E-001 0 0 0 0 0 0 0 0 0 0 1.13269160232 1.07240711956 0.363421886228E-002 5.32223269262 
  -.170414916370E-001 -.394379953003E-001 0.528513073638E-001 0.441670745957E-003 -.475993360132E-001 0.445060929616E-001 1 0 1 0 0 0 0 0 0 0 1.14167177813 1.10619222447 0.125879872768E-002 3.10768421681 
  0.930727620174E-001 -.141812926335E-001 -.672397668423E-001 -.830341002398E-001 0.892500992334E-001 -.674106282836E-001 1 0 1 0 0 0 0 0 1 0 1.14644961808 0.965386097545 0.327839984694E-001 15.7934127834 
  -.583343367574E-001 0.110462997599E-001 0.295618176563E-001 -.353336596765E-001 -.417370178378E-002 0.413040810471E-001 0 0 0 0 0 0 0 0 0 0 1.15530763234 1.09449634146 0.369801309881E-002 5.26364486654 
  -.996271818777E-001 0.942336267622E-001 -.766444861619E-001 -.472587698173E-001 0.153762175372E-001 0.269663896226E-001 0 0 0 0 0 0 0 0 0 0 1.15530763234 1.09791936366 0.329341338248E-002 4.96735822363 
  -.308057733438E-001 -.262435671627E-001 0.524896404288E-001 -.472587698173E-001 0.153762175372E-001 0.269663896226E-001 0 0 1 0 0 0 1 0 0 0 1.16408787063 0.719649234188 0.19752570156 38.1791312884 
  0.930727620174E-001 -.141812926335E-001 -.672397668423E-001 0.552971773938E-001 -.698323613551E-001 -.252165376740E-001 0 0 0 0 0 0 0 0 0 0 1.16408787063 1.02332550348 0.198140440040E-001 12.0920740346 
  -.445700550506E-001 -.941546880927E-002 0.450887738020E-001 -.639539240145E-001 0.470088592319E-001 -.674889818720E-002 0 0 0 0 0 0 0 0 0 0 1.16408787063 1.05602084096 0.116784829000E-001 9.2834082709 
  -.858629001710E-001 0.628708475456E-001 -.302179224987E-001 -.257935715639E-001 -.179867423925E-001 0.475611980383E-001 0 0 0 0 0 0 0 0 0 0 1.17093295025 1.11240239594 0.342582578799E-002 4.99862560866 
  -.858629001710E-001 0.628708475456E-001 -.302179224987E-001 -.257935715639E-001 -.179867423925E-001 0.475611980383E-001 0 0 0 0 0 0 0 0 0 0 1.17093295025 1.11240239594 0.342582578799E-002 4.99862560866 
  -.327720993019E-002 -.489987532222E-001 0.472606644337E-001 -.257935715639E-001 -.179867423925E-001 0.475611980383E-001 0 0 0 0 0 0 0 0 1 0 1.17310114066 1.06306569617 0.121077990449E-001 9.37987703532 
  0.104870717766E-001 -.549258409283E-001 0.368046014653E-001 -.472587698173E-001 0.153762175372E-001 0.269663896226E-001 0 0 0 0 0 0 0 0 0 0 1.17310114066 1.03564921381 0.188930321955E-001 11.7169715456 
  0.655441986038E-001 -.422974895948E-001 -.319360542526E-001 0.242918910276E-001 -.638629890550E-001 0.217169403256E-001 1 0 0 0 0 0 0 0 0 0 1.17371976115 1.18192454379 0.673184580184E-004 0.699041023447 
  0.380156351902E-001 -.558790056931E-001 0.564377472158E-002 0.759673683045E-002 -.535441205871E-001 0.393470449336E-001 0 0 1 0 1 0 0 0 0 0 1.18172719538 0.917331944678 0.699048485931E-001 22.3736283412 
  -.445700550506E-001 -.941546880927E-002 0.450887738020E-001 0.934575298444E-001 -.536326364014E-001 -.899288376409E-001 0 0 0 1 0 0 1 1 0 0 1.18601247895 0.885392328182 0.903724750473E-001 25.3471321848 
  0.104870717766E-001 -.549258409283E-001 0.368046014653E-001 -.353336596765E-001 -.417370178378E-002 0.413040810471E-001 0 0 0 0 0 0 0 0 1 0 1.18601247895 1.04615467847 0.195602043554E-001 11.7922705674 
  0.655441986038E-001 -.422974895948E-001 -.319360542526E-001 0.286644314126 0.427098271755 0.415747176167 0 0 1 0 0 0 0 0 0 1 1.19483114641 1.31580018937 0.146335093557E-001 10.1243630389 
  -.445700550506E-001 -.941546880927E-002 0.450887738020E-001 0.266769130558E-001 -.649311364890E-001 0.186560551436E-001 1 0 0 0 1 0 1 1 0 0 1.19906075996 1.03738543463 0.261389108228E-001 13.4834973118 
  -.170414916370E-001 -.394379953003E-001 0.528513073638E-001 0.672222875346E-001 -.675610366582E-001 -.457048231966E-001 0 1 0 1 0 0 0 0 1 0 1.19906075996 1.08492268757 0.130274995707E-001 9.5189565207 
  -.170414916370E-001 -.394379953003E-001 0.528513073638E-001 -.424887257610E-001 0.725176733413E-002 0.336165170755E-001 1 0 1 0 1 0 0 0 0 0 1.19906075996 1.08315857197 0.134333171818E-001 9.66608130829 
  0.106837043724 0.532731117088E-002 -.813208549259E-001 0.481421113093E-001 -.699772262746E-001 -.133093532575E-001 0 0 1 0 0 0 0 0 1 0 1.20026594239 0.895982089363 0.925886632157E-001 25.351369416 
  -.327720993019E-002 -.489987532222E-001 0.472606644337E-001 -.353336596765E-001 -.417370178378E-002 0.413040810471E-001 0 0 1 0 0 0 0 1 0 0 1.20327255921 0.92864521116 0.754201802978E-001 22.8233699796 
  -.996271818777E-001 0.942336267622E-001 -.766444861619E-001 -.424887257610E-001 0.725176733413E-002 0.336165170755E-001 0 1 0 0 0 0 0 0 0 0 1.21609898412 1.10246087713 0.129136193615E-001 9.34447840835 
  -.996271818777E-001 0.942336267622E-001 -.766444861619E-001 0.123667808868E-001 -.569998395119E-001 0.350537621646E-001 1 0 1 0 0 0 0 0 0 0 1.21609898412 1.14965522875 0.441477262827E-002 5.46367986833 
  -.720986184642E-001 0.351417385449E-001 0.482188216506E-002 0.236558851534 0.238523012923 0.456531437028E-001 0 1 0 0 0 0 0 0 0 0 1.22436349397 1.31406475673 0.804631654053E-002 7.32635881422 
  0.242513534834E-001 -.572192584186E-001 0.225700082857E-001 0.242918910276E-001 -.638629890550E-001 0.217169403256E-001 1 0 0 0 0 0 0 1 0 0 1.22847027593 1.20606839383 0.501844321378E-003 1.82355914779 
  0.120601325431 0.284695851910E-001 -.915722444327E-001 0.998175885862E-002 -.553227271286E-001 0.372813941932E-001 1 0 1 1 0 0 0 0 0 1 1.23256026118 1.04876923185 0.337791424631E-001 14.9113219955 
  -.445700550506E-001 -.941546880927E-002 0.450887738020E-001 -.210235275075E-001 -.242842977476E-001 0.490973140396E-001 0 1 1 0 0 0 0 0 0 0 1.23663358657 0.967553924937 0.724038643019E-001 21.759045246 
  -.327720993019E-002 -.489987532222E-001 0.472606644337E-001 0.143542992436 0.705998306989E-002 -.143753008211 1 0 0 0 0 0 0 0 0 0 1.24097952996 1.24326131793 0.520655636990E-005 0.183869912554 
  -.170414916370E-001 -.394379953003E-001 0.528513073638E-001 0.282669277412E-002 -.496824250294E-001 0.429659959643E-001 1 0 0 0 0 0 0 1 0 0 1.24126858907 1.23465098831 0.437926398076E-004 0.533132056787 
  0.120601325431 0.284695851910E-001 -.915722444327E-001 0.958425518726E-001 -.517574532469E-001 -.936667774951E-001 1 0 0 0 0 0 0 0 0 0 1.24501877376 1.17612968946 0.474570593623E-002 5.53317634687 
  0.930727620174E-001 -.141812926335E-001 -.672397668423E-001 -.472587698173E-001 0.153762175372E-001 0.269663896226E-001 0 0 0 0 0 0 0 0 0 0 1.26525603274 0.9941287355 0.735100113101E-001 21.4286508206 
  -.445700550506E-001 -.941546880927E-002 0.450887738020E-001 -.671339533854E-002 -.407411040154E-001 0.479696501246E-001 0 0 0 0 0 0 0 0 0 0 1.24904176769 1.10144109842 0.217859575709E-001 11.8171123732 
  -.327720993019E-002 -.489987532222E-001 0.472606644337E-001 -.162534834512E-001 -.301758764697E-001 0.496422192734E-001 0 0 0 0 0 0 0 0 0 0 1.26525603274 1.0680405701 0.388939387038E-001 15.5870003806 
  -.858629001710E-001 0.628708475456E-001 -.302179224987E-001 -.234085495357E-001 -.211862671492E-001 0.484564582082E-001 0 0 1 0 0 0 0 0 0 0 1.27312566301 0.985846289087 0.825294386838E-001 22.5648875262 
  -.583343367574E-001 0.110462997599E-001 0.295618176563E-001 -.591838799582E-001 0.374634908137E-001 0.461817812961E-002 0 0 0 0 0 0 0 0 0 0 1.27312566301 1.07049436904 0.410594412958E-001 15.9160481841 
  -.327720993019E-002 -.489987532222E-001 0.472606644337E-001 0.441670745957E-003 -.475993360132E-001 0.445060929616E-001 1 0 0 0 0 0 0 0 0 0 1.27703737518 1.22370374037 0.284447660265E-002 4.17635660883 
  0.175658452258 0.157375383429 -.725430201557E-001 0.107767662013 -.408591251010E-001 -.11108927408 1 0 0 0 0 0 0 0 0 0 1.28093384546 1.22806986566 0.279460036101E-002 4.12698750946 
  -.170414916370E-001 -.394379953003E-001 0.528513073638E-001 -.114834393949E-001 -.356614785590E-001 0.492487269112E-001 1 0 0 0 0 0 0 1 0 0 1.28481519217 1.23049464304 0.295072205811E-002 4.22788814018 
  0.104870717766E-001 -.549258409283E-001 0.368046014653E-001 0.759673683045E-002 -.535441205871E-001 0.393470449336E-001 1 0 0 0 0 0 0 0 0 0 1.28481519217 1.21467177789 0.492009856701E-002 5.45941663117 
  -.308057733438E-001 -.262435671627E-001 0.524896404288E-001 0.998175885862E-002 -.553227271286E-001 0.372813941932E-001 0 0 0 0 0 0 0 0 1 0 1.28895712823 1.09586020028 0.372864235846E-001 14.9808650515 
  -.583343367574E-001 0.110462997599E-001 0.295618176563E-001 0.250868983703 0.287834421183 0.12778774845 1 0 1 0 0 1 0 0 0 0 1.28895712823 1.11673975715 0.296588229004E-001 13.3609851953 
  0.242513534834E-001 -.572192584186E-001 0.225700082857E-001 -.830341002398E-001 0.892500992334E-001 -.674106282836E-001 1 0 1 0 1 0 1 0 0 0 1.291159166 0.777897678606 0.263437354447 39.7519919242 
  -.996271818777E-001 0.942336267622E-001 -.766444861619E-001 0.123667808868E-001 -.569998395119E-001 0.350537621646E-001 1 0 1 0 0 0 0 0 0 0 1.29280751803 1.14965522875 0.204925779253E-001 11.0729777853 
  0.793084803106E-001 -.300562262220E-001 -.504158700090E-001 0.123667808868E-001 -.569998395119E-001 0.350537621646E-001 1 0 0 0 0 0 0 1 0 0 1.29500110267 1.17633414962 0.140818457476E-001 9.16346347592 
  0.793084803106E-001 -.300562262220E-001 -.504158700090E-001 0.576821994219E-001 -.695810847322E-001 -.292675013529E-001 1 0 0 0 0 0 0 1 0 0 1.29500110267 1.17574794857 0.142213147634E-001 9.20872992745 
  -.583343367574E-001 0.110462997599E-001 0.295618176563E-001 0.409870452248E-001 -.692086437701E-001 -.190936334649E-002 1 0 1 0 0 0 0 0 0 0 1.29500110267 1.13622677743 0.252092863575E-001 12.2605552164 
  -.583343367574E-001 0.110462997599E-001 0.295618176563E-001 0.409870452248E-001 -.692086437701E-001 -.190936334649E-002 1 0 1 0 0 0 0 0 0 0 1.29500110267 1.13622677743 0.252092863575E-001 12.2605552164 
  0.930727620174E-001 -.141812926335E-001 -.672397668423E-001 0.171368249431E-001 -.600495818038E-001 0.301389608290E-001 1 0 0 0 0 0 0 1 0 0 1.30806251285 1.17424828692 0.179062470610E-001 10.2299564902 
  0.104870717766E-001 -.549258409283E-001 0.368046014653E-001 -.472587698173E-001 0.153762175372E-001 0.269663896226E-001 1 0 0 0 0 0 0 1 0 0 1.31587189682 1.18570354823 0.169437989752E-001 9.89217483148 
  -.583343367574E-001 0.110462997599E-001 0.295618176563E-001 0.129232860267 -.148480024705E-001 -.135047998023 1 0 1 0 0 1 0 0 0 0 1.32335456135 0.879782346697 0.196756309609 33.5187732453 
  0.104870717766E-001 -.549258409283E-001 0.368046014653E-001 -.472587698173E-001 0.153762175372E-001 0.269663896226E-001 0 0 0 1 0 0 0 0 0 0 1.32707500146 1.03564921381 0.849289897096E-001 21.9600088415 
  -.327720993019E-002 -.489987532222E-001 0.472606644337E-001 -.472587698173E-001 0.153762175372E-001 0.269663896226E-001 1 0 0 0 0 0 0 1 0 0 1.32707500146 1.1961285744 0.171469667599E-001 9.86729664236 
  -.445700550506E-001 -.941546880927E-002 0.450887738020E-001 -.234085495357E-001 -.211862671492E-001 0.484564582082E-001 0 0 0 0 0 0 0 0 0 0 1.32707500146 1.09420167698 0.542299852530E-001 17.5478646061 
  0.242513534834E-001 -.572192584186E-001 0.225700082857E-001 0.265179115872 0.34079961914 0.22809461329 0 1 0 0 0 1 0 0 0 0 1.33236601909 1.09630755175 0.557236000065E-001 17.717238654 
  0.930727620174E-001 -.141812926335E-001 -.672397668423E-001 -.424887257610E-001 0.725176733413E-002 0.336165170755E-001 1 0 0 0 0 0 0 1 0 0 1.33473787421 1.14872458339 0.346009443592E-001 13.9363162167 
  -.170414916370E-001 -.394379953003E-001 0.528513073638E-001 0.934575298444E-001 -.536326364014E-001 -.899288376409E-001 1 0 0 0 0 0 0 0 0 0 1.34208120644 1.23507016668 0.114513626306E-001 7.97351451213 
  -.720986184642E-001 0.351417385449E-001 0.482188216506E-002 -.234085495357E-001 -.211862671492E-001 0.484564582082E-001 1 0 1 0 0 0 0 0 1 0 1.34963037675 1.13113236183 0.477413825248E-001 16.1894707385 
  -.996271818777E-001 0.942336267622E-001 -.766444861619E-001 0.958425518726E-001 -.517574532469E-001 -.936667774951E-001 0 1 0 0 0 0 0 0 0 1 1.35066718348 1.12666367973 0.501775696927E-001 16.5846558272 
  0.120601325431 0.284695851910E-001 -.915722444327E-001 0.134002904323 -.795131725659E-002 -.138692489784 1 0 0 0 0 0 0 0 1 0 1.35066718348 1.18821856675 0.263895530758E-001 12.0272868633 
  -.720986184642E-001 0.351417385449E-001 0.482188216506E-002 -.234085495357E-001 -.211862671492E-001 0.484564582082E-001 0 0 0 0 0 0 0 1 0 0 1.35686555043 1.10901252088 0.614311242579E-001 18.2665872439 
  0.793084803106E-001 -.300562262220E-001 -.504158700090E-001 0.441670745957E-003 -.475993360132E-001 0.445060929616E-001 1 0 1 0 0 0 0 0 1 0 1.35686555043 1.04635879797 0.964144433226E-001 22.8841208593 
  0.134365607138 0.552455294269E-001 -.969070455360E-001 -.305636156202E-001 -.112832104046E-001 0.449810580980E-001 1 0 0 0 0 0 1 1 0 0 1.36404875217 0.948865756859 0.172376919598 30.4375481194 
  -.445700550506E-001 -.941546880927E-002 0.450887738020E-001 0.958425518726E-001 -.517574532469E-001 -.936667774951E-001 1 0 1 0 0 0 0 0 0 0 1.37118072331 1.12669599118 0.597727842453E-001 17.8302340439 
  0.655441986038E-001 -.422974895948E-001 -.319360542526E-001 0.998175885862E-002 -.553227271286E-001 0.372813941932E-001 0 0 0 0 0 0 0 1 0 0 1.37143449821 1.03077293913 0.116050297837 24.8397980018 
  -.127155745291 0.167860195843 -.208005449794 0.123667808868E-001 -.569998395119E-001 0.350537621646E-001 1 0 0 0 0 0 0 0 0 0 1.37143449821 1.27432186396 0.943086373211E-002 7.08109897938 
  0.655441986038E-001 -.422974895948E-001 -.319360542526E-001 0.441670745957E-003 -.475993360132E-001 0.445060929616E-001 0 0 0 0 0 0 0 0 0 0 1.3785141738 1.02902975317 0.122139360264 25.3522544253 
  0.242513534834E-001 -.572192584186E-001 0.225700082857E-001 -.234085495357E-001 -.211862671492E-001 0.484564582082E-001 1 0 0 0 0 0 0 0 1 0 1.3820353042 1.19402261449 0.353487714916E-001 13.6040439153 
  -.996271818777E-001 0.942336267622E-001 -.766444861619E-001 -.830341002398E-001 0.892500992334E-001 -.674106282836E-001 0 0 0 0 0 0 0 1 0 0 1.38554407973 1.04705688476 0.11457358116 24.4299116805 
  -.445700550506E-001 -.941546880927E-002 0.450887738020E-001 0.672222875346E-001 -.675610366582E-001 -.457048231966E-001 1 0 0 0 0 0 0 1 0 0 1.38554407973 1.2543116386 0.172219536041E-001 9.47154573044 
  0.380156351902E-001 -.558790056931E-001 0.564377472158E-002 0.719923315909E-001 -.659420476719E-001 -.539711413453E-001 0 0 0 0 0 0 0 0 0 0 1.39970404803 1.04449875299 0.126170801621 25.3771713767 
  -.308057733438E-001 -.262435671627E-001 0.524896404288E-001 -.353336596765E-001 -.417370178378E-002 0.413040810471E-001 1 0 0 0 0 0 0 1 0 0 1.39970404803 1.22710164744 0.297915886902E-001 12.331349676 
  -.170414916370E-001 -.394379953003E-001 0.528513073638E-001 -.194335128221E-002 -.454147528388E-001 0.458578020851E-001 1 0 0 0 0 0 0 0 0 0 1.41366630792 1.23353879892 0.324459194985E-001 12.7418689963 
  0.242513534834E-001 -.572192584186E-001 0.225700082857E-001 0.441670745957E-003 -.475993360132E-001 0.445060929616E-001 1 0 0 0 0 0 0 0 1 0 1.42383096465 1.20322793764 0.486656955250E-001 15.493624769 
  0.106837043724 0.532731117088E-002 -.813208549259E-001 -.234085495357E-001 -.211862671492E-001 0.484564582082E-001 1 0 0 0 0 0 0 0 1 0 1.42719635244 1.16264989598 0.699848276245E-001 18.5360939303 
  0.161894170551 0.119698428546 -.884793232243E-001 0.958425518726E-001 -.517574532469E-001 -.936667774951E-001 1 0 0 1 0 0 0 1 0 0 1.42887480866 1.20725865405 0.491137199800E-001 15.5098370591 
  -.583343367574E-001 0.110462997599E-001 0.295618176563E-001 -.234085495357E-001 -.211862671492E-001 0.484564582082E-001 1 0 1 0 0 0 0 0 0 0 1.44409145985 1.12448056057 0.102151126938 22.1323169734 
  0.104870717766E-001 -.549258409283E-001 0.368046014653E-001 -.329486376484E-001 -.777920317330E-002 0.432829750346E-001 1 0 0 0 0 0 0 1 0 0 1.52453340534 1.19798197683 0.106635835462 21.4197620967 
  0.299536987619 0.659983137088 0.618197133681 -.162534834512E-001 -.301758764697E-001 0.496422192734E-001 1 0 0 0 0 0 0 1 0 0 1.60743590976 1.65469521226 0.223344167211E-002 2.94004272306 
  0.655441986038E-001 -.422974895948E-001 -.319360542526E-001 -.234085495357E-001 -.211862671492E-001 0.484564582082E-001 0 0 1 1 0 0 1 0 0 0 -.34389975245 0.672931815857 1.03394643831 295.676737498 
  0.793084803106E-001 -.300562262220E-001 -.504158700090E-001 0.441670745957E-003 -.475993360132E-001 0.445060929616E-001 1 0 0 0 0 0 1 0 1 0 0.207825391825E-001 0.95533517076 0.873388621188 4496.81640616 
  0.148129888845 0.856551438786E-001 -.962383684088E-001 0.136387926351 -.435073341231E-002 -.140246079997 0 1 1 0 0 1 0 0 0 0 0.126632650933 0.663816994427 0.288567018895 424.206821491 
  0.242513534834E-001 -.572192584186E-001 0.225700082857E-001 -.591838799582E-001 0.374634908137E-001 0.461817812961E-002 0 0 0 1 0 1 0 0 0 0 0.285178942234 0.747520150264 0.213759392643 162.123193392 
  0.242513534834E-001 -.572192584186E-001 0.225700082857E-001 -.106884320521 0.151186123475 -.181383984635 0 0 0 0 0 0 1 0 0 0 0.387979793767 0.702248215069 0.987646406277E-001 81.0012341753 
  0.517799168970E-001 -.509050827519E-001 -.128872094001E-001 0.481421113093E-001 -.699772262746E-001 -.133093532575E-001 0 0 0 0 0 0 0 0 0 0 0.462475362825 1.03781568985 0.331016491899 124.404535521 
  -.327720993019E-002 -.489987532222E-001 0.472606644337E-001 -.782640561835E-001 0.780808242837E-001 -.498605556920E-001 0 0 0 0 0 0 1 1 0 0 0.462475362825 0.784930337842 0.103977210913 69.72370875 
  0.104870717766E-001 -.549258409283E-001 0.368046014653E-001 -.432837331037E-002 -.431286755062E-001 0.470145216883E-001 0 1 0 1 0 0 0 1 0 0 0.531216313414 1.06198209339 0.281712313191 99.9151883275 
  0.104870717766E-001 -.549258409283E-001 0.368046014653E-001 0.521171480229E-002 -.516640198874E-001 0.412441127394E-001 0 0 0 0 0 1 0 0 0 0 0.547543206701 0.799630292255 0.635478987030E-001 46.0396700148 
  -.308057733438E-001 -.262435671627E-001 0.524896404288E-001 0.839174417317E-001 -.601184274372E-001 -.743523313151E-001 1 0 1 0 0 1 0 1 0 0 0.582215619853 0.852123100664 0.728500481977E-001 46.3586808061 
  0.120601325431 0.284695851910E-001 -.915722444327E-001 -.591838799582E-001 0.374634908137E-001 0.461817812961E-002 1 0 1 0 0 0 0 0 0 0 0.597736995755 1.00595437216 0.1666414264 68.2938113761 
  -.583343367574E-001 0.110462997599E-001 0.295618176563E-001 -.925741883525E-001 0.112806579032 -.107596932631 1 0 1 0 1 0 1 0 0 0 0.6339278209 0.816974687848 0.335061554994E-001 28.8750329159 
  0.242513534834E-001 -.572192584186E-001 0.225700082857E-001 -.353336596765E-001 -.417370178378E-002 0.413040810471E-001 0 0 0 0 0 0 0 0 0 0 0.638162872227 1.03610390191 0.158357063105 62.3572832267 
  -.996271818777E-001 0.942336267622E-001 -.766444861619E-001 0.441670745957E-003 -.475993360132E-001 0.445060929616E-001 0 0 0 0 0 0 0 1 0 0 0.64132743183 1.12549452963 0.234417778591 75.4945249133 
  0.242513534834E-001 -.572192584186E-001 0.225700082857E-001 -.901891663243E-001 0.106765217845 -.968980825323E-001 1 0 1 0 0 0 0 0 0 0 0.656483196188 0.982621480116 0.106366180243 49.679608834 
  -.445700550506E-001 -.941546880927E-002 0.450887738020E-001 0.481421113093E-001 -.699772262746E-001 -.133093532575E-001 1 0 1 0 0 0 0 0 1 0 0.656483196188 1.12764253921 0.22199112652 71.7702061166 
  -.308057733438E-001 -.262435671627E-001 0.524896404288E-001 0.167393212718 0.516928249617E-001 -.140940309893 0 1 0 0 0 0 1 0 1 0 0.656483196188 0.918160432516 0.684749760119E-001 39.8604622093 
  0.104870717766E-001 -.549258409283E-001 0.368046014653E-001 0.600672214501E-001 -.692283139510E-001 -.333484133910E-001 1 0 1 1 0 0 0 0 0 0 0.660623988854 1.08663547595 0.18148578714 64.4862273072 
  -.308057733438E-001 -.262435671627E-001 0.524896404288E-001 -.639539240145E-001 0.470088592319E-001 -.674889818720E-002 0 0 0 0 0 0 0 0 0 0 0.67803354275 1.04673085515 0.135937708171 54.3774443526 
  -.445700550506E-001 -.941546880927E-002 0.450887738020E-001 -.114834393949E-001 -.356614785590E-001 0.492487269112E-001 0 0 0 0 0 0 1 0 0 0 0.720275847948 0.880816804536 0.257733987420E-001 22.2888157426 
  0.242513534834E-001 -.572192584186E-001 0.225700082857E-001 -.973442324088E-001 0.12519378388 -.130338790729 0 0 0 0 1 0 0 1 0 0 0.720275847948 0.944737000737 0.503828091113E-001 31.1632207894 
  -.583343367574E-001 0.110462997599E-001 0.295618176563E-001 -.663389460427E-001 0.519337846783E-001 -.129790840142E-001 1 0 0 0 0 0 0 0 1 0 0.733328970193 1.21086951619 0.228044973071 65.1195528075 
  -.583343367574E-001 0.110462997599E-001 0.295618176563E-001 -.424887257610E-001 0.725176733413E-002 0.336165170755E-001 1 0 1 0 0 0 1 0 0 0 0.734289123891 0.89169411053 0.247763298187E-001 21.4363772412 
  0.380156351902E-001 -.558790056931E-001 0.564377472158E-002 -.305636156202E-001 -.112832104046E-001 0.449810580980E-001 1 0 1 1 0 0 0 0 0 0 0.734289123891 1.05236659818 0.101173279651 43.3177428265 
  0.104870717766E-001 -.549258409283E-001 0.368046014653E-001 0.195218469713E-001 -.614222117125E-001 0.274649948147E-001 1 0 0 0 0 0 0 0 0 0 0.741937344729 1.21592588518 0.224665136477 63.8852517421 
  -.858629001710E-001 0.628708475456E-001 -.302179224987E-001 0.441670745957E-003 -.475993360132E-001 0.445060929616E-001 0 0 1 1 0 0 1 0 0 0 0.753771802376 0.776093491551 0.498257807604E-003 2.96133247544 
  -.445700550506E-001 -.941546880927E-002 0.450887738020E-001 -.234085495357E-001 -.211862671492E-001 0.484564582082E-001 0 1 1 0 0 0 0 0 0 1 0.75424227992 0.966267183507 0.449545597412E-001 28.110980945 
  -.170414916370E-001 -.394379953003E-001 0.528513073638E-001 0.441670745957E-003 -.475993360132E-001 0.445060929616E-001 1 0 1 1 0 0 1 1 0 0 0.782530741695 0.887234103785 0.109627940331E-001 13.3800956962 
  0.517799168970E-001 -.509050827519E-001 -.128872094001E-001 0.441670745957E-003 -.475993360132E-001 0.445060929616E-001 0 1 0 0 0 0 1 0 0 0 0.782530741695 0.81674187103 0.117040137038E-002 4.37185755297 
  -.445700550506E-001 -.941546880927E-002 0.450887738020E-001 -.118809430662 0.18596016653 -.256162883551 0 0 1 0 0 0 1 0 0 0 0.793444901875 0.590846046455 0.410462962175E-001 25.5340799268 
  -.858629001710E-001 0.628708475456E-001 -.302179224987E-001 -.472587698173E-001 0.153762175372E-001 0.269663896226E-001 1 0 1 0 0 0 0 0 0 0 0.799756915618 1.11753078069 0.100980229326 39.7338064693 
  0.242513534834E-001 -.572192584186E-001 0.225700082857E-001 -.591838799582E-001 0.374634908137E-001 0.461817812961E-002 0 0 0 1 0 0 0 1 0 0 0.806475865867 1.01210192949 0.422820780419E-001 25.4968651051 
  -.445700550506E-001 -.941546880927E-002 0.450887738020E-001 -.496437918455E-001 0.195906838760E-001 0.231639955153E-001 0 0 0 0 0 0 0 0 0 0 0.806475865867 1.07338301467 0.712394260834E-001 33.0954911488 
  -.720986184642E-001 0.351417385449E-001 0.482188216506E-002 0.433720672529E-001 -.695663320965E-001 -.564200229439E-002 0 0 0 0 0 0 0 0 0 0 0.82505225144 1.12062932758 0.873658079402E-001 35.8252553854 
  -.720986184642E-001 0.351417385449E-001 0.482188216506E-002 -.472587698173E-001 0.153762175372E-001 0.269663896226E-001 0 1 1 1 0 0 0 0 0 0 0.831168478457 0.962708184584 0.173026942878E-001 15.8258776091 
  -.445700550506E-001 -.941546880927E-002 0.450887738020E-001 -.210235275075E-001 -.242842977476E-001 0.490973140396E-001 1 0 1 1 0 0 1 0 0 0 0.831168478457 0.898650138676 0.455377446583E-002 8.11889069032 
  -.308057733438E-001 -.262435671627E-001 0.524896404288E-001 -.711089900990E-001 0.620881180458E-001 -.265657592374E-001 0 0 0 1 0 0 0 0 0 1 0.833343811053 1.03620783316 0.411538114639E-001 24.3433765767 
  0.380156351902E-001 -.558790056931E-001 0.564377472158E-002 -.806490782117E-001 0.836147146795E-001 -.584291700613E-001 0 0 0 0 0 0 0 0 0 0 0.843720039039 0.969853496752 0.159096491545E-001 14.9496813962 
  0.106837043724 0.532731117088E-002 -.813208549259E-001 -.663389460427E-001 0.519337846783E-001 -.129790840142E-001 1 0 1 1 0 0 0 1 0 0 0.855691109745 0.993169864653 0.189004080510E-001 16.0663998191 
  -.113391463585 0.129230076194 -.135544698651 -.472587698173E-001 0.153762175372E-001 0.269663896226E-001 1 0 0 0 0 0 0 0 0 0 0.855691109745 1.24784598603 0.153785446997 45.8290230929 
  -.327720993019E-002 -.489987532222E-001 0.472606644337E-001 0.136387926351 -.435073341231E-002 -.140246079997 0 1 1 0 0 0 0 1 0 0 0.861623330532 0.960401130445 0.975705375573E-002 11.464151029 
  -.445700550506E-001 -.941546880927E-002 0.450887738020E-001 -.186385054794E-001 -.272808341878E-001 0.494903671793E-001 0 1 1 0 0 0 0 0 0 0 0.867520567505 0.968751820824 0.102477666485E-001 11.6690320796 
  0.104870717766E-001 -.549258409283E-001 0.368046014653E-001 -.591838799582E-001 0.374634908137E-001 0.461817812961E-002 0 1 1 0 0 0 0 0 0 0 0.867520567505 0.894218212574 0.712764252265E-003 3.07746537312 
  -.113391463585 0.129230076194 -.135544698651 -.353336596765E-001 -.417370178378E-002 0.413040810471E-001 0 0 0 0 0 0 1 0 0 0 0.867520567505 0.889338995584 0.476043803871E-003 2.51503294527 
  -.327720993019E-002 -.489987532222E-001 0.472606644337E-001 -.234085495357E-001 -.211862671492E-001 0.484564582082E-001 0 0 0 0 0 0 0 0 0 0 0.879626747503 1.06444408279 0.341574474236E-001 21.0108816966 
  0.930727620174E-001 -.141812926335E-001 -.672397668423E-001 0.290619350839E-001 -.658977897647E-001 0.154794001986E-001 1 0 1 1 0 0 0 0 0 0 0.879626747503 1.04671487525 0.279184424340E-001 18.9953441299 
  -.170414916370E-001 -.394379953003E-001 0.528513073638E-001 0.441670745957E-003 -.475993360132E-001 0.445060929616E-001 1 0 1 0 0 0 0 1 0 0 0.879626747503 1.10619222447 0.513319153543E-001 25.7570017752 
  -.858629001710E-001 0.628708475456E-001 -.302179224987E-001 -.234085495357E-001 -.211862671492E-001 0.484564582082E-001 1 0 1 0 0 0 0 0 0 1 0.881285122675 1.13590062351 0.648290532665E-001 28.8913876209 
  -.327720993019E-002 -.489987532222E-001 0.472606644337E-001 -.472587698173E-001 0.153762175372E-001 0.269663896226E-001 1 0 1 1 0 0 0 0 0 0 0.885419068207 1.06819408092 0.334067052734E-001 20.6427689756 
  -.858629001710E-001 0.628708475456E-001 -.302179224987E-001 -.234085495357E-001 -.211862671492E-001 0.484564582082E-001 0 1 0 0 0 0 0 0 1 0 0.891178031059 1.11378078256 0.495519849773E-001 24.9784828335 
  0.380156351902E-001 -.558790056931E-001 0.564377472158E-002 0.576821994219E-001 -.695810847322E-001 -.292675013529E-001 0 0 0 1 0 1 0 1 0 0 0.892817375689 0.780746252361 0.125599366839E-001 12.5525248925 
  -.445700550506E-001 -.941546880927E-002 0.450887738020E-001 -.591838799582E-001 0.374634908137E-001 0.461817812961E-002 0 0 0 0 0 0 0 0 0 1 0.896088024557 1.06233532641 0.276381653733E-001 18.5525637322 
  0.380156351902E-001 -.558790056931E-001 0.564377472158E-002 0.143542992436 0.705998306989E-002 -.143753008211 1 0 1 0 0 0 0 0 0 0 0.902597404742 1.08555079298 0.334719422667E-001 20.2696559146 
  -.127155745291 0.167860195843 -.208005449794 -.687239680708E-001 0.569602042829E-001 -.195825038154E-001 0 0 1 1 0 0 0 0 0 0 0.902597404742 0.940034576101 0.140154179936E-002 4.14771537812 
  0.655441986038E-001 -.422974895948E-001 -.319360542526E-001 -.830341002398E-001 0.892500992334E-001 -.674106282836E-001 1 0 1 0 0 0 0 0 1 0 0.902597404742 0.972711949247 0.491604935105E-002 7.7680862072 
  -.127155745291 0.167860195843 -.208005449794 -.711089900990E-001 0.620881180458E-001 -.265657592374E-001 0 0 0 0 0 0 0 0 1 0 0.914288729203 1.0643174902 0.225086291257E-001 16.4093416229 
  -.327720993019E-002 -.489987532222E-001 0.472606644337E-001 -.854191222680E-001 0.949869779456E-001 -.768115320052E-001 0 0 1 0 0 0 0 0 0 0 0.914288729203 0.86269786392 0.266161738071E-002 5.64273228311 
  -.858629001710E-001 0.628708475456E-001 -.302179224987E-001 0.290619350839E-001 -.658977897647E-001 0.154794001986E-001 0 1 0 0 0 1 0 0 0 0 0.914288729203 0.861295459318 0.280828665311E-002 5.79611978059 
  -.308057733438E-001 -.262435671627E-001 0.524896404288E-001 0.441670745957E-003 -.475993360132E-001 0.445060929616E-001 1 0 1 0 0 1 0 0 0 1 0.914288729203 0.85165507604 0.392297450857E-002 6.85053322464 
 Maximum absolute errors (%) on observed data points 
  4496.81640616 
 
 
 Quality metrics for output Z1
 -----------------------------
 SSE OLR:           10.4
 SSE:               10.9
 RMSE:              0.240
 R2:                0.275
 R2 adjusted:       0.230
 Model size:        11
 BIC:               -482.
 Cp:                -156.
 AICc:              -516.
 HQC:               -503.
 MSE:               0.614E-01
 SSEp:              10.9
 RIC:               73.2
 MADp:              0.450E+04

 BETAS and BASES chosen for this output
 -0.295014087262463      age1
  0.463012754861759      age2
  0.346215584911296      age3
  0.633448452590057      lwt1
  0.160044834647773      lwt2
  0.424084011933614      lwt3
  0.150054334424988      white
 -0.127934493476027      smoke
 -0.264581779227614      ht
 -0.218958120686611      ui
   1.06747118173233      1.00
 
 
 Total execution time 0.30 s
 Times breakdown
     OLR time:        0.30E-02 s in 64 ordinary linear regression problem(s)
     MIP time:        0.0 s in 0 quadratic integer problem(s)
     Simulation time: 0.0 s to simulate 0 point(s)
     All other time:  0.29 s in 1 iteration(s)
 
 Normal termination
 ***************************************************************************
