 ***************************************************************************
 ALAMO version 2018.6.20. Built: LNX-64 Wed Jun 20 04:36:16 EDT 2018
 
The options and data used in solving this problem are as follows:
 
NINPUTS           =             16
NOUTPUTS          =              1
NTRANS            =              0
NCVF              =              5
NPENL             =            100
NDATA             =            141
NPREDATA          =              0
NSAMPLE           =              0
NVALDATA          =             48
NVALSAMPLE        =              0
NVALSETS          =              1
PRFREQ            =              1
INITIALPOINTS     =            141
SAMPLER           =              1
MODELER           =              5
INITIALIZER       =              1
BUILDER           =              1
ENUM1             =          16384
ENUMALL           =              0
GREEDYBUILDER     =               T
NDGELS            =            120
REGULARIZER       =              0
TOLMAXERROR       = 0.500000007451E-001 
MAXSIM            =             10
MINPOINTS         =             16
MAXPOINTS         =             22
OBJFUN            =              1
SNOBFITP          = 0.5 
SNOBFITRESOLUTION = 0.100000000000E-004 
MAXTIME           = 1000 
DATALIMITTERMS    =               T
NUMLIMITBASIS     =               T
CONVPEN           = 0 
MONO              =              0
MULTI2            =              0
MULTI3            =              0
RATIOS            =              0
EXPFCNS           =               F
LINFCNS           =               T
LOGFCNS           =               F
SINFCNS           =               F
COSFCNS           =               F
CONSTANT          =               T
GRBFCNS           =               T
PRBF              =               F
LK                =               F
NCUSTOMBAS        =              0
OTHERBASIS        =              0
USEGPU            =               F
XSCALING          =               F
SCALEZ            =               F
MAXITER           =              1
TOLESTERROR       = 0.999999977648E-002 
TOLSSE            = 0 
FUNFORM           =              5
RBFPARAM          = 1 
PRESET            = -111111 
LINEARERROR       =               F
SOLVEMIP          =               F
DELTATERM         =               T
SHORTCUT          =               T
DIVE              =               T
FIRSTFEAS         =               F
MIPOPTCA          = 0.500000007451E-001 
MIPOPTCR          = 0.999999974738E-004 
CRTOL             = 0.100000000000E-002 
CRNINITIAL        =              0
CRMAXITER         =             10
CRNVIOL           =              5
CRNTRIALS         =            100
CRNCUSTOM         =              0
NGROUPS           =             16
SIMULATOR         =      mysim
SIMIN             =      input.txt
SIMOUT            =      output.txt
GAMS              =      gams
GAMSSOLVER        =      baron
GAMSNLPSOLVER     =      baron
SNOBFITTEST       =      test.mat
SNOBFITPATH       =      /usr/local/ALAMO/snobfit/
MINQPATH          =      /usr/local/ALAMO/minq5/
SCRATCH           =      almscr
===========================================================================

XLABELS           XMIN                  XMAX 
age1      -1.00000000000         1.00000000000     
age2      -1.00000000000         1.00000000000     
age3      -1.00000000000         1.00000000000     
lwt1      -1.00000000000         1.00000000000     
lwt2      -1.00000000000         1.00000000000     
lwt3      -1.00000000000         1.00000000000     
white     -1.00000000000         1.00000000000     
black     -1.00000000000         1.00000000000     
smoke     -1.00000000000         1.00000000000     
ptl1      -1.00000000000         1.00000000000     
ptl2m     -1.00000000000         1.00000000000     
ht        -1.00000000000         1.00000000000     
ui        -1.00000000000         1.00000000000     
ftv1      -1.00000000000         1.00000000000     
ftv2      -1.00000000000         1.00000000000     
ftv3m     -1.00000000000         1.00000000000     
ZLABELS   TOLMEANERROR          TOLRELMETRIC          TOLABSMETRIC            MAXTERMS                 ZISINT
Z1         0.00000000000        0.100000000000E-005   0.100000000000E-005          158    F

XDATA and ZDATA
  -.677419354839 -.809633769753 -.424917635936 0.2 -.80430129662 -.626641156474 -1 1 -1 -1 -1 -1 1 -1 -1 -1 0.556178462976 
  0.225806451613 -.686379218614 -.731062559038 -.117647058824 -.996986726055 -.336772929837 -1 -1 -1 -1 -1 -1 -1 -1 -1 1 0.549637935062 
  -.612903225806 -.866693725763 -.387331318836 -.705882352941 -.567708657883 -.22376199639 1 -1 1 -1 -1 -1 -1 1 -1 -1 0.645643541229 
  -.548387096774 -.913620781386 -.36941593882 -.670588235294 -.622255085918 -.180850298252 1 -1 1 -1 -1 -1 1 -1 1 -1 0.516468114926 
  -.741935483871 -.742440913354 -.484805939328 -.682352941176 -.604481308402 -.194134935348 1 -1 1 -1 -1 -1 1 -1 -1 -1 0.314412520439 
  -.548387096774 -.913620781386 -.36941593882 -.482352941176 -.851097864096 -.899902417065E-001 -1 -1 -1 -1 -1 -1 -1 -1 -1 -1 0.397337070778 
  -.483870967742 -.950414936621 -.368540446677 -.552941176471 -.777532777149 -.993800105876E-001 1 -1 -1 -1 -1 -1 -1 1 -1 -1 0.672039243167 
  -.806451612903 -.665115156568 -.569627278222 -.729411764706 -.529302546715 -.257597109148 -1 -1 -1 -1 -1 -1 -1 1 -1 -1 0.622518103247 
  -.322580645161E-001 -.924252812409 -.618520728604 -.494117647059 -.839857929177 -.897439370006E-001 1 -1 1 -1 -1 -1 -1 1 -1 -1 0.678579771082 
  -.225806451613 -.996262553684 -.48281637267 -.611764705882 -.704998496063 -.128930031535 1 -1 1 -1 -1 -1 -1 -1 -1 -1 0.484232655922 
  -.677419354839 -.809633769753 -.424917635936 -.823529411765 -.359343495548 -.4381621393 -1 -1 -1 -1 -1 -1 -1 -1 -1 -1 0.450362064938 
  -.677419354839 -.809633769753 -.424917635936 -.176470588235 -1 -.27712488664 -1 -1 -1 -1 -1 -1 -1 1 -1 -1 0.516468114926 
  -.483870967742 -.950414936621 -.368540446677 -.823529411765 -.359343495548 -.4381621393 -1 -1 -1 -1 -1 1 -1 -1 -1 -1 0.145059565522 
  0.322580645161E-001 -.879983764542 -.659246567932 -.682352941176 -.604481308402 -.194134935348 -1 -1 -1 1 -1 -1 1 -1 1 -1 0.284746554543 
  -.741935483871 -.742440913354 -.484805939328 -.764705882353 -.468630641245 -.316583757029 1 -1 1 -1 -1 -1 -1 -1 -1 -1 0.490072412988 
  -.741935483871 -.742440913354 -.484805939328 -.764705882353 -.468630641245 -.316583757029 1 -1 1 -1 -1 -1 -1 -1 -1 -1 0.529782761037 
  -.935483870968 -.480064941832 -.824593259349 -.788235294118 -.426140878453 -.361626762631 -1 1 -1 -1 -1 -1 -1 -1 -1 -1 0.662228451296 
  -.290322580645 -1 -.441842805406 -.552941176471 -.777532777149 -.993800105876E-001 1 -1 1 -1 -1 -1 -1 -1 -1 1 0.66876897921 
  -.612903225806 -.866693725763 -.387331318836 -.529411764706 -.803687933447 -.932734601804E-001 -1 -1 -1 -1 -1 -1 1 -1 -1 -1 0.66876897921 
  -.967741935484E-001 -.958388959889 -.573786383478 -.529411764706 -.803687933447 -.932734601804E-001 1 -1 1 -1 -1 -1 -1 1 -1 -1 0.516468114926 
  0.161290322581 -.761046967644 -.718148532358 -.517647058824 -.816152963853 -.913658958503E-001 -1 -1 -1 -1 -1 -1 -1 -1 1 -1 0.483298294791 
  0.967741935484E-001 -.825581816287 -.693332852253 -.764705882353 -.468630641245 -.316583757029 1 -1 -1 -1 -1 -1 1 -1 -1 1 0.678579771082 
  0.41935483871 -.401578569195 -.672084226442 0.435294117647 -.469639722594 -.646206847355 1 -1 -1 -1 -1 -1 -1 1 -1 -1 0.450362064938 
  -.967741935484E-001 -.958388959889 -.573786383478 -.529411764706 -.803687933447 -.932734601804E-001 -1 -1 -1 -1 -1 -1 -1 -1 -1 -1 0.824340107452 
  -.290322580645 -1 -.441842805406 -.529411764706 -.803687933447 -.932734601804E-001 -1 -1 -1 -1 -1 -1 1 -1 1 -1 0.390562952581 
  -.967741935484E-001 -.958388959889 -.573786383478 0.235294117647E-001 -.948101622027 -.48233978501 1 -1 -1 -1 -1 -1 -1 -1 -1 -1 0.294557346414 
  -.806451612903 -.665115156568 -.569627278222 -.505882352941 -.828209629096 -.901959382528E-001 1 -1 1 -1 -1 -1 -1 -1 -1 -1 0.400607334735 
  -.322580645161E-001 -.924252812409 -.618520728604 -.176470588235 -1 -.27712488664 1 -1 -1 -1 -1 -1 -1 -1 1 -1 0.384022424667 
  -.225806451613 -.996262553684 -.48281637267 0.352941176471E-001 -.941373489803 -.493857668472 -1 1 1 -1 -1 -1 -1 -1 -1 -1 0.357626722728 
  -.806451612903 -.665115156568 -.569627278222 -.611764705882 -.704998496063 -.128930031535 -1 1 -1 -1 -1 -1 -1 1 -1 -1 0.314412520439 
  -.806451612903 -.665115156568 -.569627278222 -.611764705882 -.704998496063 -.128930031535 -1 1 -1 -1 -1 -1 -1 1 -1 -1 0.27470217239 
  -.354838709677 -.993604545928 -.407384929179 -.882352941176 -.239847220793 -.590953441613 1 -1 1 1 -1 -1 -1 1 -1 -1 0.529782761037 
  0.354838709677 -.506645019389 -.710661455289 -.517647058824 -.816152963853 -.913658958503E-001 -1 1 1 1 -1 -1 -1 1 -1 -1 0.406680682084 
  -.290322580645 -1 -.441842805406 -.117647058824 -.996986726055 -.336772929837 1 -1 -1 -1 -1 -1 -1 1 -1 -1 0.582574164915 
  -.290322580645 -1 -.441842805406 -.470588235294 -.861929433852 -.909152019831E-001 -1 1 -1 -1 -1 -1 -1 -1 -1 -1 0.417192244803 
  -.322580645161E-001 -.924252812409 -.618520728604 -.294117647059 -.975399160716 -.172866011284 1 -1 1 -1 -1 -1 -1 -1 1 -1 0.705209063303 
  -.677419354839 -.809633769753 -.424917635936 -.317647058824 -.965578610911 -.155756416314 1 -1 1 -1 -1 -1 -1 -1 1 -1 0.589348283111 
  -.161290322581 -.98239220698 -.527674581764 -.482352941176 -.851097864096 -.899902417065E-001 1 -1 1 -1 -1 -1 -1 -1 -1 -1 0.736042980612 
  0.967741935484E-001 -.825581816287 -.693332852253 0.588235294118 -.164515372156 -.485560555756 1 -1 1 -1 -1 -1 -1 -1 1 -1 0.565989254847 
  0.225806451613 -.686379218614 -.731062559038 -.658823529412 -.639620498271 -.168558722924 1 -1 1 -1 -1 -1 -1 1 -1 -1 0.728801681850E-001 
  -.548387096774 -.913620781386 -.36941593882 0.235294117647 -.764515372156 -.645174866537 -1 1 1 -1 -1 -1 -1 -1 1 -1 0.52300864284 
  -.677419354839 -.809633769753 -.424917635936 0.282352941176 -.705750360597 -.662514525408 1 -1 -1 -1 -1 -1 -1 -1 1 -1 0.638869423032 
  -.41935483871 -.977076191469 -.3820737932 -.411764705882 -.909961805198 -.105032073374 -1 1 -1 -1 -1 -1 -1 1 -1 -1 0.558514365802 
  -.548387096774 -.913620781386 -.36941593882 -.588235294118E-001 -.983764323051 -.398158312169 1 -1 -1 -1 -1 -1 -1 -1 -1 -1 0.417192244803 
  -.741935483871 -.742440913354 -.484805939328 -.882352941176 -.239847220793 -.590953441613 1 -1 1 -1 -1 -1 1 -1 -1 -1 0.390562952581 
  -.741935483871 -.742440913354 -.484805939328 -.882352941176 -.239847220793 -.590953441613 1 -1 1 -1 -1 -1 1 -1 -1 -1 0.715019855174 
  0.161290322581 -.761046967644 -.718148532358 -.388235294118 -.9263161976 -.114741647371 1 -1 -1 -1 -1 -1 -1 -1 -1 1 0.556178462976 
  -.677419354839 -.809633769753 -.424917635936 -.388235294118 -.9263161976 -.114741647371 -1 -1 -1 -1 -1 -1 -1 -1 -1 -1 0.529782761037 
  -.354838709677 -.993604545928 -.407384929179 -.588235294118 -.735237303984 -.114563146375 1 -1 -1 -1 -1 -1 -1 -1 1 -1 0.47699135716 
  -.483870967742 -.950414936621 -.368540446677 -.941176470588 -.11014181698 -.777413962377 -1 -1 1 -1 -1 -1 -1 -1 -1 -1 0.559448726933 
  -.483870967742 -.950414936621 -.368540446677 -.529411764706 -.803687933447 -.932734601804E-001 1 -1 -1 -1 -1 1 -1 1 -1 -1 0.629058631161 
  -.41935483871 -.977076191469 -.3820737932 -.435294117647 -.891973952147 -.975655123652E-001 -1 -1 -1 -1 -1 -1 -1 -1 -1 -1 0.632328895118 
  -.483870967742 -.950414936621 -.368540446677 -.411764705882 -.909961805198 -.105032073374 1 -1 1 -1 -1 -1 -1 -1 -1 -1 0.687222611539 
  0.322580645161E-001 -.879983764542 -.659246567932 -.823529411765 -.359343495548 -.4381621393 1 -1 1 -1 -1 -1 -1 -1 1 -1 0.682083625321 
  -.677419354839 -.809633769753 -.424917635936 -.588235294118 -.735237303984 -.114563146375 -1 -1 -1 -1 -1 -1 -1 -1 -1 -1 0.781359495445 
  -.870967741935 -.577656499394 -.682012701826 -.647058823529 -.656577545463 -.157240558975 -1 -1 -1 -1 -1 -1 -1 -1 -1 -1 0.804484933427 
  -.548387096774 -.913620781386 -.36941593882 -.647058823529 -.656577545463 -.157240558975 -1 -1 1 -1 -1 -1 1 -1 -1 -1 0.410418126606 
  0.322580645161E-001 -.879983764542 -.659246567932 -.141176470588 -.99941713112 -.312567679151 -1 -1 -1 -1 -1 -1 -1 -1 -1 -1 0.781359495445 
  -.612903225806 -.866693725763 -.387331318836 -.729411764706 -.529302546715 -.257597109148 -1 -1 -1 -1 -1 -1 -1 -1 -1 -1 0.440317682784 
  -.806451612903 -.665115156568 -.569627278222 -.541176470588 -.790814537879 -.959382816305E-001 -1 -1 -1 -1 -1 -1 -1 -1 -1 -1 0.357626722728 
  -.806451612903 -.665115156568 -.569627278222 -.541176470588 -.790814537879 -.959382816305E-001 -1 -1 -1 -1 -1 -1 -1 -1 -1 -1 0.809390329362 
  -.41935483871 -.977076191469 -.3820737932 -.541176470588 -.790814537879 -.959382816305E-001 -1 -1 -1 -1 -1 -1 -1 -1 1 -1 0.721793973371 
  -.354838709677 -.993604545928 -.407384929179 -.647058823529 -.656577545463 -.157240558975 -1 -1 -1 -1 -1 -1 -1 -1 -1 -1 0.549637935062 
  -.967741935484E-001 -.958388959889 -.573786383478 -.294117647059 -.975399160716 -.172866011284 1 -1 -1 -1 -1 -1 -1 -1 -1 -1 0.589348283111 
  -.225806451613 -.996262553684 -.48281637267 -.376470588235 -.933880846058 -.120388438273 -1 -1 1 -1 1 -1 -1 -1 -1 -1 0.431674842327 
  -.612903225806 -.866693725763 -.387331318836 0.470588235294E-001 -.934236992417 -.505189590465 -1 -1 -1 1 -1 -1 1 1 -1 -1 0.556178462976 
  -.354838709677 -.993604545928 -.407384929179 -.588235294118 -.735237303984 -.114563146375 -1 -1 -1 -1 -1 -1 -1 -1 1 -1 0.276570894651 
  -.967741935484E-001 -.958388959889 -.573786383478 1 1 1 -1 -1 1 -1 -1 -1 -1 -1 -1 1 0.456435412287 
  -.612903225806 -.866693725763 -.387331318836 -.282352941176 -.979696887875 -.181977008025 1 -1 -1 -1 1 -1 1 1 -1 -1 1 
  -.483870967742 -.950414936621 -.368540446677 -.823529411765E-001 -.990278379739 -.373552881638 -1 1 -1 1 -1 -1 -1 -1 1 -1 0.370707778556 
  -.483870967742 -.950414936621 -.368540446677 -.623529411765 -.689266544358 -.137445863668 1 -1 1 -1 1 -1 -1 -1 -1 -1 0.754963793506 
  0.967741935484E-001 -.825581816287 -.693332852253 -.176470588235 -1 -.27712488664 -1 -1 1 -1 -1 -1 -1 -1 1 -1 0.496612940902 
  -.41935483871 -.977076191469 -.3820737932 -.588235294118 -.735237303984 -.114563146375 -1 -1 1 -1 -1 -1 -1 1 -1 -1 0.715019855174 
  -.870967741935 -.577656499394 -.682012701826 -.623529411765 -.689266544358 -.137445863668 -1 1 -1 -1 -1 -1 -1 -1 -1 -1 0.648913805186 
  -.870967741935 -.577656499394 -.682012701826 -.352941176471 -.947785047486 -.133167775944 1 -1 1 -1 -1 -1 -1 -1 -1 -1 0.754963793506 
  -.741935483871 -.742440913354 -.484805939328 0.752941176471 0.241261097843 -.101617774914 -1 1 -1 -1 -1 -1 -1 -1 -1 -1 0.446858210698 
  -.290322580645 -1 -.441842805406 -.294117647059 -.975399160716 -.172866011284 1 -1 -1 -1 -1 -1 -1 1 -1 -1 0.493342676945 
  0.161290322581 -.761046967644 -.718148532358 -.364705882353 -.941037129353 -.126537031259 1 -1 1 1 -1 -1 -1 -1 -1 1 0.410418126606 
  -.612903225806 -.866693725763 -.387331318836 -.517647058824 -.816152963853 -.913658958503E-001 -1 1 1 -1 -1 -1 -1 -1 -1 -1 0.711749591217 
  -.41935483871 -.977076191469 -.3820737932 0.294117647059 -.690038194802 -.665402017089 1 -1 -1 -1 -1 -1 -1 -1 -1 -1 0.728334501285 
  -.483870967742 -.950414936621 -.368540446677 -.4 -.918343183981 -.109616308943 1 -1 -1 -1 -1 -1 -1 1 -1 -1 0.715019855174 
  0.161290322581 -.761046967644 -.718148532358 0.588235294118E-001 -.926692129868 -.516315900602 1 -1 -1 -1 -1 -1 -1 -1 -1 -1 0.320719458071 
  0.322580645161E-001 -.879983764542 -.659246567932 -.647058823529 -.656577545463 -.157240558975 -1 -1 -1 -1 -1 -1 -1 -1 -1 -1 0.345246437748 
  -.612903225806 -.866693725763 -.387331318836 -.447058823529 -.882367477877 -.947224876998E-001 -1 -1 -1 -1 -1 -1 -1 -1 -1 -1 0.324924083158 
  -.41935483871 -.977076191469 -.3820737932 -.494117647059 -.839857929177 -.897439370006E-001 -1 -1 -1 -1 -1 -1 -1 -1 -1 -1 0.205325858444 
  -.806451612903 -.665115156568 -.569627278222 -.529411764706 -.803687933447 -.932734601804E-001 -1 -1 1 -1 -1 -1 -1 -1 -1 -1 0.259051623452 
  -.677419354839 -.809633769753 -.424917635936 -.705882352941 -.567708657883 -.22376199639 -1 -1 -1 -1 -1 -1 -1 -1 -1 -1 0.506423732773 
  -.41935483871 -.977076191469 -.3820737932 -.411764705882 -.909961805198 -.105032073374 1 -1 -1 -1 -1 -1 -1 -1 -1 -1 0.417192244803 
  0.41935483871 -.401578569195 -.672084226442 0.117647058824 -.882842339689 -.568175509884 1 -1 -1 -1 -1 -1 -1 -1 -1 -1 0.609203457136 
  -.483870967742 -.950414936621 -.368540446677 -.470588235294 -.861929433852 -.909152019831E-001 1 -1 -1 -1 -1 -1 -1 1 -1 -1 0.238262088297 
  -.354838709677 -.993604545928 -.407384929179 -.376470588235 -.933880846058 -.120388438273 1 -1 -1 -1 -1 -1 -1 -1 -1 -1 0.683952347582 
  -.548387096774 -.913620781386 -.36941593882 -.364705882353 -.941037129353 -.126537031259 -1 -1 -1 -1 -1 -1 -1 -1 1 -1 0.367437514599 
  -.677419354839 -.809633769753 -.424917635936 0.823529411765 0.439667209012 0.14286317476 1 -1 1 -1 -1 1 -1 -1 -1 -1 0.542863816865 
  -.290322580645 -1 -.441842805406 -.823529411765 -.359343495548 -.4381621393 1 -1 1 -1 1 -1 1 -1 -1 -1 0.682083625321 
  -.870967741935 -.577656499394 -.682012701826 -.352941176471 -.947785047486 -.133167775944 1 -1 1 -1 -1 -1 -1 -1 -1 -1 0.284746554543 
  -.322580645161E-001 -.924252812409 -.618520728604 -.352941176471 -.947785047486 -.133167775944 1 -1 -1 -1 -1 -1 -1 1 -1 -1 0.544966129409 
  -.322580645161E-001 -.924252812409 -.618520728604 -.129411764706 -.998406111168 -.324625732518 1 -1 -1 -1 -1 -1 -1 1 -1 -1 0.595888811025 
  -.677419354839 -.809633769753 -.424917635936 -.211764705882 -.996907582419 -.243191803644 1 -1 1 -1 -1 -1 -1 -1 -1 -1 0.622518103247 
  -.677419354839 -.809633769753 -.424917635936 -.211764705882 -.996907582419 -.243191803644 1 -1 1 -1 -1 -1 -1 -1 -1 -1 0.481195982247 
  0.322580645161E-001 -.879983764542 -.659246567932 -.329411764706 -.960055788265 -.147797118858 1 -1 -1 -1 -1 -1 -1 1 -1 -1 0.403877598692 
  -.354838709677 -.993604545928 -.407384929179 -.647058823529 -.656577545463 -.157240558975 1 -1 -1 -1 -1 -1 -1 1 -1 -1 0.321186638636 
  -.677419354839 -.809633769753 -.424917635936 0.223529411765 -.77818571214 -.639490780719 1 -1 1 -1 -1 1 -1 -1 -1 -1 0.582574164915 
  -.354838709677 -.993604545928 -.407384929179 -.647058823529 -.656577545463 -.157240558975 -1 -1 -1 1 -1 -1 -1 -1 -1 -1 0.675309507125 
  -.41935483871 -.977076191469 -.3820737932 -.647058823529 -.656577545463 -.157240558975 1 -1 -1 -1 -1 -1 -1 1 -1 -1 0.397337070778 
  -.612903225806 -.866693725763 -.387331318836 -.529411764706 -.803687933447 -.932734601804E-001 -1 -1 -1 -1 -1 -1 -1 -1 -1 -1 0.330997430507 
  -.290322580645 -1 -.441842805406 0.894117647059 0.652774466024 0.441435471421 -1 1 -1 -1 -1 1 -1 -1 -1 -1 0.569493109087 
  0.322580645161E-001 -.879983764542 -.659246567932 -.623529411765 -.689266544358 -.137445863668 1 -1 -1 -1 -1 -1 -1 1 -1 -1 0.430273300631 
  -.483870967742 -.950414936621 -.368540446677 0.470588235294E-001 -.934236992417 -.505189590465 1 -1 -1 -1 -1 -1 -1 -1 -1 -1 0.736042980612 
  -.741935483871 -.742440913354 -.484805939328 -.529411764706 -.803687933447 -.932734601804E-001 1 -1 1 -1 -1 -1 -1 -1 1 -1 0.330763840224 
  -.870967741935 -.577656499394 -.682012701826 0.588235294118E-001 -.926692129868 -.516315900602 -1 1 -1 -1 -1 -1 -1 -1 -1 1 0.390562952581 
  0.161290322581 -.761046967644 -.718148532358 0.247058823529 -.75043666701 -.650338934302 1 -1 -1 -1 -1 -1 -1 -1 1 -1 0.506423732773 
  -.741935483871 -.742440913354 -.484805939328 -.529411764706 -.803687933447 -.932734601804E-001 -1 -1 -1 -1 -1 -1 -1 1 -1 -1 0.662228451296 
  -.322580645161E-001 -.924252812409 -.618520728604 -.411764705882 -.909961805198 -.105032073374 1 -1 1 -1 -1 -1 -1 -1 1 -1 0.609203457136 
  0.225806451613 -.686379218614 -.731062559038 -.564705882353 -.763842651256 -.103618297439 1 -1 -1 -1 -1 -1 1 1 -1 -1 0.719691660827 
  -.612903225806 -.866693725763 -.387331318836 0.588235294118E-001 -.926692129868 -.516315900602 1 -1 1 -1 -1 -1 -1 -1 -1 -1 0.549637935062 
  -.967741935484E-001 -.958388959889 -.573786383478 -.364705882353 -.941037129353 -.126537031259 -1 -1 -1 -1 -1 -1 -1 1 -1 -1 0.529782761037 
  -1 -.372340483882 -1 -.352941176471 -.947785047486 -.133167775944 1 -1 -1 -1 -1 -1 -1 -1 -1 -1 0.37187572997 
  -.967741935484E-001 -.958388959889 -.573786383478 -.411764705882 -.909961805198 -.105032073374 -1 -1 -1 -1 -1 -1 -1 -1 -1 -1 0.345246437748 
  -.290322580645 -1 -.441842805406 -.529411764706 -.803687933447 -.932734601804E-001 1 -1 -1 -1 -1 -1 -1 -1 1 -1 0.610137818267 
  -.870967741935 -.577656499394 -.682012701826 -.823529411765 -.359343495548 -.4381621393 -1 -1 -1 -1 -1 -1 -1 1 -1 -1 0.582574164915 
  -.612903225806 -.866693725763 -.387331318836 -.823529411765E-001 -.990278379739 -.373552881638 1 -1 -1 -1 -1 -1 -1 1 -1 -1 0.496846531184 
  -.225806451613 -.996262553684 -.48281637267 -.588235294118E-001 -.983764323051 -.398158312169 -1 -1 -1 -1 -1 -1 -1 -1 -1 -1 0.387292688624 
  -.548387096774 -.913620781386 -.36941593882 -.588235294118 -.735237303984 -.114563146375 1 -1 -1 -1 -1 -1 -1 1 -1 -1 0.417192244803 
  -.483870967742 -.950414936621 -.368540446677 -.423529411765 -.901172061254 -.101008591052 1 -1 -1 -1 -1 -1 -1 -1 -1 -1 0.642606867554 
  -.290322580645 -1 -.441842805406 -.411764705882 -.909961805198 -.105032073374 1 -1 -1 -1 -1 -1 -1 -1 1 -1 0.377481896753 
  0.967741935484E-001 -.825581816287 -.693332852253 -.529411764706 -.803687933447 -.932734601804E-001 1 -1 -1 -1 -1 -1 -1 -1 1 -1 0.496612940902 
  0.354838709677 -.506645019389 -.710661455289 0.588235294118E-001 -.926692129868 -.516315900602 1 -1 -1 1 -1 -1 -1 1 -1 -1 0.397337070778 
  -.677419354839 -.809633769753 -.424917635936 -.529411764706 -.803687933447 -.932734601804E-001 1 -1 1 -1 -1 -1 -1 -1 -1 -1 0.599159074982 
  -.354838709677 -.993604545928 -.407384929179 -.576470588235 -.749744160201 -.108672792572 1 -1 -1 -1 -1 -1 -1 1 -1 -1 0.685353889278 
  1 1 1 -.494117647059 -.839857929177 -.897439370006E-001 1 -1 -1 -1 -1 -1 -1 1 -1 -1 0 
  -.967741935484E-001 -.958388959889 -.573786383478 -.529411764706 -.803687933447 -.932734601804E-001 -1 -1 1 1 -1 -1 1 -1 -1 -1 0.687222611539 
  -.322580645161E-001 -.924252812409 -.618520728604 -.411764705882 -.909961805198 -.105032073374 1 -1 -1 -1 -1 -1 1 -1 1 -1 0.768044849334 
  0.290322580645 -.601578569195 -.729443883085 0.258823529412 -.735949596701 -.654963333627 -1 1 1 -1 -1 1 -1 -1 -1 -1 0.536323288951 
  -.290322580645 -1 -.441842805406 -.705882352941 -.567708657883 -.22376199639 -1 -1 -1 1 -1 1 -1 -1 -1 -1 0.687222611539 
  -.290322580645 -1 -.441842805406 -.941176470588 -.11014181698 -.777413962377 -1 -1 -1 -1 -1 -1 1 -1 -1 -1 0.370707778556 
  -.161290322581 -.98239220698 -.527674581764 -.176470588235 -1 -.27712488664 -1 -1 -1 -1 -1 -1 -1 -1 -1 -1 0.321186638636 
  -.41935483871 -.977076191469 -.3820737932 -.8 -.404283449314 -.385922788698 -1 -1 -1 -1 -1 -1 1 1 -1 -1 0.741649147395 
  -.354838709677 -.993604545928 -.407384929179 -.435294117647 -.891973952147 -.975655123652E-001 -1 1 -1 1 -1 -1 -1 1 -1 -1 0.516468114926 
  -.354838709677 -.993604545928 -.407384929179 -.388235294118 -.9263161976 -.114741647371 -1 -1 -1 -1 -1 1 -1 -1 -1 -1 0.754730203224 
  -.548387096774 -.913620781386 -.36941593882 0 -.960332790988 -.458824735227 1 -1 1 -1 -1 1 -1 1 -1 -1 0.354122868489 
  0.161290322581 -.761046967644 -.718148532358 -.705882352941 -.567708657883 -.22376199639 1 -1 1 -1 -1 -1 -1 -1 -1 -1 0.605933193179 

NVALDATA
          48

NVALSAMPLE
 

XVALDATA and ZVALDATA
 -0.677419354838709      -0.809633769752683      -0.424917635936239      -0.870588235294122      -0.264563206068820      -0.557780245223870        1.00000000000000       -1.00000000000000        1.00000000000000       -1.00000000000000        1.00000000000000       -1.00000000000000        1.00000000000000       -1.00000000000000       -1.00000000000000       -1.00000000000000       0.470217238962859     
 -0.290322580645163       -1.00000000000000      -0.441842805405560      -0.588235294117648      -0.735237303984134      -0.114563146374744       -1.00000000000000       -1.00000000000000       -1.00000000000000       -1.00000000000000       -1.00000000000000       -1.00000000000000       -1.00000000000000       -1.00000000000000       -1.00000000000000       -1.00000000000000       0.761504321420229     
 -0.870967741935485      -0.577656499393911      -0.682012701825693      -0.411764705882352      -0.909961805198293      -0.105032073373913       -1.00000000000000       -1.00000000000000       -1.00000000000000       -1.00000000000000       -1.00000000000000       -1.00000000000000       -1.00000000000000        1.00000000000000       -1.00000000000000       -1.00000000000000       0.231721560383088     
 -0.290322580645163       -1.00000000000000      -0.441842805405560      -0.858823529411765      -0.288870826182139      -0.525934167185050        1.00000000000000       -1.00000000000000        1.00000000000000       -1.00000000000000       -1.00000000000000       -1.00000000000000       -1.00000000000000       -1.00000000000000       -1.00000000000000       -1.00000000000000       0.764774585377248     
 -0.612903225806454      -0.866693725763368      -0.387331318836289      -0.176470588235296       -1.00000000000000      -0.277124886639658        1.00000000000000       -1.00000000000000        1.00000000000000       -1.00000000000000       -1.00000000000000       -1.00000000000000       -1.00000000000000       -1.00000000000000        1.00000000000000       -1.00000000000000       0.735108619481430     
 -0.548387096774194      -0.913620781386265      -0.369415938819606       0.411764705882352      -0.510456452918448      -0.657029770601837       -1.00000000000000        1.00000000000000       -1.00000000000000       -1.00000000000000       -1.00000000000000       -1.00000000000000        1.00000000000000       -1.00000000000000        1.00000000000000       -1.00000000000000       0.410418126605933     
 -0.354838709677419      -0.993604545928244      -0.407384929179171      -0.117647058823531      -0.996986726054507      -0.336772929837167        1.00000000000000       -1.00000000000000        1.00000000000000        1.00000000000000       -1.00000000000000       -1.00000000000000       -1.00000000000000       -1.00000000000000       -1.00000000000000       -1.00000000000000       0.589815463676711     
 -0.548387096774194      -0.913620781386265      -0.369415938819606      -0.729411764705883      -0.529302546714578      -0.257597109147830       -1.00000000000000       -1.00000000000000       -1.00000000000000       -1.00000000000000       -1.00000000000000       -1.00000000000000       -1.00000000000000       -1.00000000000000       -1.00000000000000       -1.00000000000000       0.748189675309507     
 -0.612903225806454      -0.866693725763368      -0.387331318836289      -0.470588235294117      -0.861929433851940      -9.091520198312700E-002  -1.00000000000000       -1.00000000000000       -1.00000000000000       -1.00000000000000       -1.00000000000000       -1.00000000000000        1.00000000000000       -1.00000000000000       -1.00000000000000       -1.00000000000000       0.286615276804485     
 -0.290322580645163       -1.00000000000000      -0.441842805405560      -0.894117647058826      -0.214722870355173      -0.625473406741030       -1.00000000000000       -1.00000000000000       -1.00000000000000       -1.00000000000000        1.00000000000000       -1.00000000000000       -1.00000000000000        1.00000000000000       -1.00000000000000       -1.00000000000000       0.907264657790236     
 -0.677419354838709      -0.809633769752683      -0.424917635936239      -0.741176470588240      -0.509486943386941      -0.276141810888324        1.00000000000000       -1.00000000000000       -1.00000000000000       -1.00000000000000       -1.00000000000000       -1.00000000000000       -1.00000000000000       -1.00000000000000        1.00000000000000       -1.00000000000000       0.481195982247138     
 -0.677419354838709      -0.809633769752683      -0.424917635936239      -0.623529411764709      -0.689266544358265      -0.137445863668005        1.00000000000000       -1.00000000000000        1.00000000000000       -1.00000000000000       -1.00000000000000       -1.00000000000000        1.00000000000000       -1.00000000000000       -1.00000000000000       -1.00000000000000       0.277972436346648     
 -0.225806451612903      -0.996262553683966      -0.482816372670221      -0.564705882352944      -0.763842651256374      -0.103618297439210        1.00000000000000       -1.00000000000000        1.00000000000000        1.00000000000000       -1.00000000000000       -1.00000000000000       -1.00000000000000       -1.00000000000000       -1.00000000000000       -1.00000000000000       0.423732772716655     
 -0.354838709677419      -0.993604545928244      -0.407384929179171      -0.317647058823531      -0.965578610911045      -0.155756416313746        1.00000000000000       -1.00000000000000       -1.00000000000000       -1.00000000000000       -1.00000000000000       -1.00000000000000       -1.00000000000000       -1.00000000000000       -1.00000000000000       -1.00000000000000       0.609203457136183     
 -0.806451612903229      -0.665115156567955      -0.569627278221942      -0.411764705882352      -0.909961805198293      -0.105032073373913       -1.00000000000000       -1.00000000000000        1.00000000000000        1.00000000000000       -1.00000000000000       -1.00000000000000        1.00000000000000       -1.00000000000000       -1.00000000000000       -1.00000000000000       0.635599159074983     
 -0.612903225806454      -0.866693725763368      -0.387331318836289      -0.529411764705883      -0.803687933447225      -9.327346018043400E-002  -1.00000000000000        1.00000000000000        1.00000000000000       -1.00000000000000       -1.00000000000000       -1.00000000000000       -1.00000000000000       -1.00000000000000       -1.00000000000000        1.00000000000000       0.612473721093203     
 -0.483870967741939      -0.950414936621378      -0.368540446677192      -0.411764705882352      -0.909961805198293      -0.105032073373913        1.00000000000000       -1.00000000000000        1.00000000000000        1.00000000000000       -1.00000000000000       -1.00000000000000        1.00000000000000        1.00000000000000       -1.00000000000000       -1.00000000000000       0.398271431908433     
 -0.161290322580643      -0.982392206980150      -0.527674581764151      -0.411764705882352      -0.909961805198293      -0.105032073373913       -1.00000000000000        1.00000000000000       -1.00000000000000       -1.00000000000000       -1.00000000000000       -1.00000000000000        1.00000000000000       -1.00000000000000       -1.00000000000000       -1.00000000000000       0.687222611539360     
 -0.612903225806454      -0.866693725763368      -0.387331318836289       -1.00000000000000       2.977271589180900E-002  -1.00000000000000       -1.00000000000000       -1.00000000000000        1.00000000000000       -1.00000000000000       -1.00000000000000       -1.00000000000000        1.00000000000000       -1.00000000000000       -1.00000000000000       -1.00000000000000       9.950946040644700E-002
 -0.806451612903229      -0.665115156567955      -0.569627278221942      -0.647058823529413      -0.656577545462679      -0.157240558974979        1.00000000000000       -1.00000000000000        1.00000000000000       -1.00000000000000       -1.00000000000000       -1.00000000000000       -1.00000000000000       -1.00000000000000       -1.00000000000000       -1.00000000000000       0.252511095538426     
 -0.290322580645163       -1.00000000000000      -0.441842805405560      -0.705882352941179      -0.567708657882854      -0.223761996390051       -1.00000000000000       -1.00000000000000       -1.00000000000000        1.00000000000000       -1.00000000000000       -1.00000000000000       -1.00000000000000        1.00000000000000       -1.00000000000000       -1.00000000000000       0.513197850969400     
 -0.612903225806454      -0.866693725763368      -0.387331318836289      -0.658823529411766      -0.639620498271382      -0.168558722923721       -1.00000000000000       -1.00000000000000       -1.00000000000000       -1.00000000000000       -1.00000000000000       -1.00000000000000       -1.00000000000000       -1.00000000000000       -1.00000000000000       -1.00000000000000       0.523008642840458     
 -0.741935483870969      -0.742440913354211      -0.484805939328455      -0.200000000000000      -0.998346753441857      -0.254302335161939       -1.00000000000000       -1.00000000000000       -1.00000000000000       -1.00000000000000       -1.00000000000000       -1.00000000000000       -1.00000000000000       -1.00000000000000       -1.00000000000000       -1.00000000000000       0.178696566222845     
 -0.741935483870969      -0.742440913354211      -0.484805939328455      -0.647058823529413      -0.656577545462679      -0.157240558974979       -1.00000000000000        1.00000000000000        1.00000000000000        1.00000000000000       -1.00000000000000       -1.00000000000000       -1.00000000000000       -1.00000000000000       -1.00000000000000       -1.00000000000000       0.576033637000701     
 -0.612903225806454      -0.866693725763368      -0.387331318836289      -0.517647058823531      -0.816152963852836      -9.136589585029600E-002   1.00000000000000       -1.00000000000000        1.00000000000000        1.00000000000000       -1.00000000000000       -1.00000000000000        1.00000000000000       -1.00000000000000       -1.00000000000000       -1.00000000000000       0.587713151132913     
 -0.548387096774194      -0.913620781386265      -0.369415938819606      -0.764705882352944      -0.468630641244661      -0.316583757028873       -1.00000000000000       -1.00000000000000       -1.00000000000000        1.00000000000000       -1.00000000000000       -1.00000000000000       -1.00000000000000       -1.00000000000000       -1.00000000000000        1.00000000000000       0.472786732071946     
 -0.225806451612903      -0.996262553683966      -0.482816372670221      -0.811764705882357      -0.382017655012079      -0.411428030791825       -1.00000000000000       -1.00000000000000       -1.00000000000000       -1.00000000000000       -1.00000000000000       -1.00000000000000       -1.00000000000000       -1.00000000000000       -1.00000000000000       -1.00000000000000       0.476757766876898     
  9.677419354838800E-002 -0.825581816287014      -0.693332852252555      -0.741176470588240      -0.509486943386941      -0.276141810888324        1.00000000000000       -1.00000000000000        1.00000000000000        1.00000000000000       -1.00000000000000       -1.00000000000000       -1.00000000000000        1.00000000000000       -1.00000000000000       -1.00000000000000       0.642373277271665     
 -0.935483870967745      -0.480064941832083      -0.824593259348714      -0.647058823529413      -0.656577545462679      -0.157240558974979        1.00000000000000       -1.00000000000000       -1.00000000000000       -1.00000000000000       -1.00000000000000       -1.00000000000000       -1.00000000000000       -1.00000000000000       -1.00000000000000       -1.00000000000000       0.599159074982481     
 -0.419354838709679      -0.977076191468706      -0.382073793200048       0.258823529411765      -0.735949596701159      -0.654963333626910       -1.00000000000000        1.00000000000000        1.00000000000000       -1.00000000000000       -1.00000000000000       -1.00000000000000       -1.00000000000000        1.00000000000000       -1.00000000000000       -1.00000000000000       0.768044849334268     
 -0.612903225806454      -0.866693725763368      -0.387331318836289      -0.505882352941179      -0.828209629096115      -9.019593825277200E-002  -1.00000000000000        1.00000000000000        1.00000000000000       -1.00000000000000       -1.00000000000000       -1.00000000000000       -1.00000000000000       -1.00000000000000       -1.00000000000000       -1.00000000000000       0.284746554543331     
 -0.354838709677419      -0.993604545928244      -0.407384929179171      -0.705882352941179      -0.567708657882854      -0.223761996390051       -1.00000000000000        1.00000000000000        1.00000000000000       -1.00000000000000       -1.00000000000000       -1.00000000000000       -1.00000000000000       -1.00000000000000       -1.00000000000000       -1.00000000000000       0.441719224480262     
 -0.935483870967745      -0.480064941832083      -0.824593259348714      -0.588235294117648      -0.735237303984134      -0.114563146374744       -1.00000000000000       -1.00000000000000       -1.00000000000000       -1.00000000000000       -1.00000000000000       -1.00000000000000        1.00000000000000       -1.00000000000000       -1.00000000000000       -1.00000000000000       0.794674141555711     
 -0.419354838709679      -0.977076191468706      -0.382073793200048      -0.529411764705883      -0.803687933447225      -9.327346018043400E-002  -1.00000000000000       -1.00000000000000       -1.00000000000000       -1.00000000000000       -1.00000000000000       -1.00000000000000       -1.00000000000000       -1.00000000000000       -1.00000000000000       -1.00000000000000       0.503153468815697     
  3.225806451612800E-002 -0.879983764541979      -0.659246567931552      -0.270588235294117      -0.983586249871384      -0.191432603752261        1.00000000000000       -1.00000000000000        1.00000000000000        1.00000000000000       -1.00000000000000       -1.00000000000000       -1.00000000000000       -1.00000000000000       -1.00000000000000       -1.00000000000000       0.350852604531651     
 -0.483870967741939      -0.950414936621378      -0.368540446677192      -0.411764705882352      -0.909961805198293      -0.105032073373913        1.00000000000000       -1.00000000000000        1.00000000000000       -1.00000000000000       -1.00000000000000       -1.00000000000000       -1.00000000000000        1.00000000000000       -1.00000000000000       -1.00000000000000       0.549637935061901     
 -0.806451612903229      -0.665115156567955      -0.569627278221942      -0.529411764705883      -0.803687933447225      -9.327346018043400E-002   1.00000000000000       -1.00000000000000        1.00000000000000       -1.00000000000000       -1.00000000000000       -1.00000000000000       -1.00000000000000       -1.00000000000000       -1.00000000000000        1.00000000000000       0.456902592852137     
 -0.419354838709679      -0.977076191468706      -0.382073793200048      -0.647058823529413      -0.656577545462679      -0.157240558974979        1.00000000000000       -1.00000000000000        1.00000000000000        1.00000000000000       -1.00000000000000       -1.00000000000000       -1.00000000000000       -1.00000000000000       -1.00000000000000       -1.00000000000000       0.553842560149498     
 -0.806451612903229      -0.665115156567955      -0.569627278221942      -0.529411764705883      -0.803687933447225      -9.327346018043400E-002  -1.00000000000000        1.00000000000000       -1.00000000000000       -1.00000000000000       -1.00000000000000       -1.00000000000000       -1.00000000000000       -1.00000000000000        1.00000000000000       -1.00000000000000       0.549637935061901     
 -0.225806451612903      -0.996262553683966      -0.482816372670221      -0.129411764705883      -0.998406111168273      -0.324625732517813       -1.00000000000000       -1.00000000000000       -1.00000000000000        1.00000000000000       -1.00000000000000        1.00000000000000       -1.00000000000000        1.00000000000000       -1.00000000000000       -1.00000000000000       0.516935295491708     
 -0.612903225806454      -0.866693725763368      -0.387331318836289      -0.705882352941179      -0.567708657882854      -0.223761996390051       -1.00000000000000       -1.00000000000000       -1.00000000000000       -1.00000000000000       -1.00000000000000       -1.00000000000000       -1.00000000000000       -1.00000000000000       -1.00000000000000        1.00000000000000       0.587713151132913     
 -0.225806451612903      -0.996262553683966      -0.482816372670221       0.294117647058822      -0.690038194801710      -0.665402017089228        1.00000000000000       -1.00000000000000        1.00000000000000       -1.00000000000000       -1.00000000000000       -1.00000000000000       -1.00000000000000       -1.00000000000000       -1.00000000000000       -1.00000000000000       0.741649147395468     
  -1.00000000000000      -0.372340483882467       -1.00000000000000      -0.752941176470592      -0.489262974896967      -0.295797476719579       -1.00000000000000       -1.00000000000000        1.00000000000000        1.00000000000000       -1.00000000000000       -1.00000000000000       -1.00000000000000       -1.00000000000000       -1.00000000000000       -1.00000000000000       0.698434945106284     
 -9.677419354838800E-002 -0.958388959888545      -0.573786383478347      -0.823529411764709      -0.359343495548096      -0.438162139300364        1.00000000000000       -1.00000000000000        1.00000000000000       -1.00000000000000       -1.00000000000000       -1.00000000000000       -1.00000000000000       -1.00000000000000        1.00000000000000       -1.00000000000000       0.404811959822471     
  -1.00000000000000      -0.372340483882467       -1.00000000000000      -0.764705882352944      -0.468630641244661      -0.316583757028873       -1.00000000000000       -1.00000000000000       -1.00000000000000       -1.00000000000000       -1.00000000000000       -1.00000000000000       -1.00000000000000       -1.00000000000000        1.00000000000000       -1.00000000000000       0.807755197383789     
 -0.419354838709679      -0.977076191468706      -0.382073793200048      -0.835294117647061      -0.336260970921777      -0.466144764610567       -1.00000000000000       -1.00000000000000        1.00000000000000       -1.00000000000000       -1.00000000000000       -1.00000000000000       -1.00000000000000       -1.00000000000000       -1.00000000000000       -1.00000000000000       0.205325858444289     
 -0.806451612903229      -0.665115156567955      -0.569627278221942      -0.270588235294117      -0.983586249871384      -0.191432603752261       -1.00000000000000        1.00000000000000       -1.00000000000000       -1.00000000000000       -1.00000000000000        1.00000000000000       -1.00000000000000       -1.00000000000000       -1.00000000000000       -1.00000000000000       0.384022424667134     
 -0.548387096774194      -0.913620781386265      -0.369415938819606      -0.411764705882352      -0.909961805198293      -0.105032073373913        1.00000000000000       -1.00000000000000        1.00000000000000       -1.00000000000000       -1.00000000000000        1.00000000000000       -1.00000000000000       -1.00000000000000       -1.00000000000000        1.00000000000000       0.576033637000701     
===========================================================================
Total number of bases considered =       158

BASES considered
 age1
 age2
 age3
 lwt1
 lwt2
 lwt3
 white
 black
 smoke
 ptl1
 ptl2m
 ht
 ui
 ftv1
 ftv2
 ftv3m
 exp ( -1. * sum of distances from initial data point 1 )
 exp ( -1. * sum of distances from initial data point 2 )
 exp ( -1. * sum of distances from initial data point 3 )
 exp ( -1. * sum of distances from initial data point 4 )
 exp ( -1. * sum of distances from initial data point 5 )
 exp ( -1. * sum of distances from initial data point 6 )
 exp ( -1. * sum of distances from initial data point 7 )
 exp ( -1. * sum of distances from initial data point 8 )
 exp ( -1. * sum of distances from initial data point 9 )
 exp ( -1. * sum of distances from initial data point 10 )
 exp ( -1. * sum of distances from initial data point 11 )
 exp ( -1. * sum of distances from initial data point 12 )
 exp ( -1. * sum of distances from initial data point 13 )
 exp ( -1. * sum of distances from initial data point 14 )
 exp ( -1. * sum of distances from initial data point 15 )
 exp ( -1. * sum of distances from initial data point 16 )
 exp ( -1. * sum of distances from initial data point 17 )
 exp ( -1. * sum of distances from initial data point 18 )
 exp ( -1. * sum of distances from initial data point 19 )
 exp ( -1. * sum of distances from initial data point 20 )
 exp ( -1. * sum of distances from initial data point 21 )
 exp ( -1. * sum of distances from initial data point 22 )
 exp ( -1. * sum of distances from initial data point 23 )
 exp ( -1. * sum of distances from initial data point 24 )
 exp ( -1. * sum of distances from initial data point 25 )
 exp ( -1. * sum of distances from initial data point 26 )
 exp ( -1. * sum of distances from initial data point 27 )
 exp ( -1. * sum of distances from initial data point 28 )
 exp ( -1. * sum of distances from initial data point 29 )
 exp ( -1. * sum of distances from initial data point 30 )
 exp ( -1. * sum of distances from initial data point 31 )
 exp ( -1. * sum of distances from initial data point 32 )
 exp ( -1. * sum of distances from initial data point 33 )
 exp ( -1. * sum of distances from initial data point 34 )
 exp ( -1. * sum of distances from initial data point 35 )
 exp ( -1. * sum of distances from initial data point 36 )
 exp ( -1. * sum of distances from initial data point 37 )
 exp ( -1. * sum of distances from initial data point 38 )
 exp ( -1. * sum of distances from initial data point 39 )
 exp ( -1. * sum of distances from initial data point 40 )
 exp ( -1. * sum of distances from initial data point 41 )
 exp ( -1. * sum of distances from initial data point 42 )
 exp ( -1. * sum of distances from initial data point 43 )
 exp ( -1. * sum of distances from initial data point 44 )
 exp ( -1. * sum of distances from initial data point 45 )
 exp ( -1. * sum of distances from initial data point 46 )
 exp ( -1. * sum of distances from initial data point 47 )
 exp ( -1. * sum of distances from initial data point 48 )
 exp ( -1. * sum of distances from initial data point 49 )
 exp ( -1. * sum of distances from initial data point 50 )
 exp ( -1. * sum of distances from initial data point 51 )
 exp ( -1. * sum of distances from initial data point 52 )
 exp ( -1. * sum of distances from initial data point 53 )
 exp ( -1. * sum of distances from initial data point 54 )
 exp ( -1. * sum of distances from initial data point 55 )
 exp ( -1. * sum of distances from initial data point 56 )
 exp ( -1. * sum of distances from initial data point 57 )
 exp ( -1. * sum of distances from initial data point 58 )
 exp ( -1. * sum of distances from initial data point 59 )
 exp ( -1. * sum of distances from initial data point 60 )
 exp ( -1. * sum of distances from initial data point 61 )
 exp ( -1. * sum of distances from initial data point 62 )
 exp ( -1. * sum of distances from initial data point 63 )
 exp ( -1. * sum of distances from initial data point 64 )
 exp ( -1. * sum of distances from initial data point 65 )
 exp ( -1. * sum of distances from initial data point 66 )
 exp ( -1. * sum of distances from initial data point 67 )
 exp ( -1. * sum of distances from initial data point 68 )
 exp ( -1. * sum of distances from initial data point 69 )
 exp ( -1. * sum of distances from initial data point 70 )
 exp ( -1. * sum of distances from initial data point 71 )
 exp ( -1. * sum of distances from initial data point 72 )
 exp ( -1. * sum of distances from initial data point 73 )
 exp ( -1. * sum of distances from initial data point 74 )
 exp ( -1. * sum of distances from initial data point 75 )
 exp ( -1. * sum of distances from initial data point 76 )
 exp ( -1. * sum of distances from initial data point 77 )
 exp ( -1. * sum of distances from initial data point 78 )
 exp ( -1. * sum of distances from initial data point 79 )
 exp ( -1. * sum of distances from initial data point 80 )
 exp ( -1. * sum of distances from initial data point 81 )
 exp ( -1. * sum of distances from initial data point 82 )
 exp ( -1. * sum of distances from initial data point 83 )
 exp ( -1. * sum of distances from initial data point 84 )
 exp ( -1. * sum of distances from initial data point 85 )
 exp ( -1. * sum of distances from initial data point 86 )
 exp ( -1. * sum of distances from initial data point 87 )
 exp ( -1. * sum of distances from initial data point 88 )
 exp ( -1. * sum of distances from initial data point 89 )
 exp ( -1. * sum of distances from initial data point 90 )
 exp ( -1. * sum of distances from initial data point 91 )
 exp ( -1. * sum of distances from initial data point 92 )
 exp ( -1. * sum of distances from initial data point 93 )
 exp ( -1. * sum of distances from initial data point 94 )
 exp ( -1. * sum of distances from initial data point 95 )
 exp ( -1. * sum of distances from initial data point 96 )
 exp ( -1. * sum of distances from initial data point 97 )
 exp ( -1. * sum of distances from initial data point 98 )
 exp ( -1. * sum of distances from initial data point 99 )
 exp ( -1. * sum of distances from initial data point 100 )
 exp ( -1. * sum of distances from initial data point 101 )
 exp ( -1. * sum of distances from initial data point 102 )
 exp ( -1. * sum of distances from initial data point 103 )
 exp ( -1. * sum of distances from initial data point 104 )
 exp ( -1. * sum of distances from initial data point 105 )
 exp ( -1. * sum of distances from initial data point 106 )
 exp ( -1. * sum of distances from initial data point 107 )
 exp ( -1. * sum of distances from initial data point 108 )
 exp ( -1. * sum of distances from initial data point 109 )
 exp ( -1. * sum of distances from initial data point 110 )
 exp ( -1. * sum of distances from initial data point 111 )
 exp ( -1. * sum of distances from initial data point 112 )
 exp ( -1. * sum of distances from initial data point 113 )
 exp ( -1. * sum of distances from initial data point 114 )
 exp ( -1. * sum of distances from initial data point 115 )
 exp ( -1. * sum of distances from initial data point 116 )
 exp ( -1. * sum of distances from initial data point 117 )
 exp ( -1. * sum of distances from initial data point 118 )
 exp ( -1. * sum of distances from initial data point 119 )
 exp ( -1. * sum of distances from initial data point 120 )
 exp ( -1. * sum of distances from initial data point 121 )
 exp ( -1. * sum of distances from initial data point 122 )
 exp ( -1. * sum of distances from initial data point 123 )
 exp ( -1. * sum of distances from initial data point 124 )
 exp ( -1. * sum of distances from initial data point 125 )
 exp ( -1. * sum of distances from initial data point 126 )
 exp ( -1. * sum of distances from initial data point 127 )
 exp ( -1. * sum of distances from initial data point 128 )
 exp ( -1. * sum of distances from initial data point 129 )
 exp ( -1. * sum of distances from initial data point 130 )
 exp ( -1. * sum of distances from initial data point 131 )
 exp ( -1. * sum of distances from initial data point 132 )
 exp ( -1. * sum of distances from initial data point 133 )
 exp ( -1. * sum of distances from initial data point 134 )
 exp ( -1. * sum of distances from initial data point 135 )
 exp ( -1. * sum of distances from initial data point 136 )
 exp ( -1. * sum of distances from initial data point 137 )
 exp ( -1. * sum of distances from initial data point 138 )
 exp ( -1. * sum of distances from initial data point 139 )
 exp ( -1. * sum of distances from initial data point 140 )
 exp ( -1. * sum of distances from initial data point 141 )
 1.00
===========================================================================
 BEGIN_GROUPS
 1 lin 1
 2 lin 2
 3 lin 3
 4 lin 4
 5 lin 5
 6 lin 6
 7 lin 7
 8 lin 8
 9 lin 9
 10 lin 10
 11 lin 11
 12 lin 12
 13 lin 13
 14 lin 14
 15 lin 15
 16 lin 16
 end_groups
 BEGIN_GROUPCON
 1 1 atl 1
 1 1 req 2
 1 1 req 3
 2 1 req 1
 2 1 req 3
 3 1 req 1
 3 1 req 2
 4 1 atl 1
 4 1 req 5
 4 1 req 6
 5 1 req 4
 5 1 req 6
 6 1 req 4
 6 1 req 5
 7 1 atl 1
 7 1 xcl 8
 8 1 xcl 7
 10 1 req 11
 11 1 req 10
 14 1 req 15 16
 15 1 req 14 16
 16 1 req 14 15
 end_groupcon
 
 Step 0: Initializing data set
 User provided an initial data set of 141 data points
 We will sample no more data points at this stage
 ***************************************************************************
 Iteration 1 (Approx. elapsed time 0.67E-01 s)
 
 Step 1: Model building using MSE
 
 Model building for variable Z1
 sigma in almsurr1 =    1.00000000000000
 
 Total execution time 0.16 s
 Times breakdown
     OLR time:        0.11E-01 s in 1 ordinary linear regression problem(s)
     MIP time:        0.0 s in 0 quadratic integer problem(s)
     Simulation time: 0.0 s to simulate 0 point(s)
     All other time:  0.15 s in 1 iteration(s)
 
 Normal termination
 ***************************************************************************
